0    DEBUG [2020-03-28 20:35:08]  Couldn't find template in cache for "error.ftl"("zh_CN", UTF-8, parsed); will try to load it.
12   DEBUG [2020-03-28 20:35:08]  TemplateLoader.findTemplateSource("error_zh_CN.ftl"): Not found
13   DEBUG [2020-03-28 20:35:08]  TemplateLoader.findTemplateSource("error_zh.ftl"): Not found
13   DEBUG [2020-03-28 20:35:08]  TemplateLoader.findTemplateSource("error.ftl"): Not found
0    DEBUG [2020-03-28 20:38:16]  Couldn't find template in cache for "error.ftl"("zh_CN", UTF-8, parsed); will try to load it.
2    DEBUG [2020-03-28 20:38:16]  TemplateLoader.findTemplateSource("error_zh_CN.ftl"): Not found
3    DEBUG [2020-03-28 20:38:16]  TemplateLoader.findTemplateSource("error_zh.ftl"): Not found
4    DEBUG [2020-03-28 20:38:16]  TemplateLoader.findTemplateSource("error.ftl"): Not found
0    DEBUG [2020-04-07 19:14:17]  Couldn't find template in cache for "qqCallBack.ftl"("zh_CN", UTF-8, parsed); will try to load it.
102  DEBUG [2020-04-07 19:14:18]  TemplateLoader.findTemplateSource("qqCallBack_zh_CN.ftl"): Not found
103  DEBUG [2020-04-07 19:14:18]  TemplateLoader.findTemplateSource("qqCallBack_zh.ftl"): Not found
104  DEBUG [2020-04-07 19:14:18]  TemplateLoader.findTemplateSource("qqCallBack.ftl"): Not found
121  DEBUG [2020-04-07 19:14:18]  Couldn't find template in cache for "error.ftl"("zh_CN", UTF-8, parsed); will try to load it.
121  DEBUG [2020-04-07 19:14:18]  TemplateLoader.findTemplateSource("error_zh_CN.ftl"): Not found
121  DEBUG [2020-04-07 19:14:18]  TemplateLoader.findTemplateSource("error_zh.ftl"): Not found
121  DEBUG [2020-04-07 19:14:18]  TemplateLoader.findTemplateSource("error.ftl"): Not found
0    DEBUG [2020-04-07 19:24:58]  Couldn't find template in cache for "error.ftl"("zh_CN", UTF-8, parsed); will try to load it.
3    DEBUG [2020-04-07 19:24:58]  TemplateLoader.findTemplateSource("error_zh_CN.ftl"): Not found
4    DEBUG [2020-04-07 19:24:58]  TemplateLoader.findTemplateSource("error_zh.ftl"): Not found
4    DEBUG [2020-04-07 19:24:58]  TemplateLoader.findTemplateSource("error.ftl"): Not found
0    DEBUG [2020-04-07 19:26:13]  Couldn't find template in cache for "error.ftl"("zh_CN", UTF-8, parsed); will try to load it.
3    DEBUG [2020-04-07 19:26:13]  TemplateLoader.findTemplateSource("error_zh_CN.ftl"): Not found
3    DEBUG [2020-04-07 19:26:13]  TemplateLoader.findTemplateSource("error_zh.ftl"): Not found
4    DEBUG [2020-04-07 19:26:13]  TemplateLoader.findTemplateSource("error.ftl"): Not found
1227 DEBUG [2020-04-07 19:26:15]  "error.ftl"("zh_CN", UTF-8, parsed) cached copy not yet stale; using cached.
1781 DEBUG [2020-04-07 19:26:15]  "error.ftl"("zh_CN", UTF-8, parsed) cached copy not yet stale; using cached.
2617 DEBUG [2020-04-07 19:26:16]  "error.ftl"("zh_CN", UTF-8, parsed) cached copy not yet stale; using cached.
21042 DEBUG [2020-04-07 19:26:35]  TemplateLoader.findTemplateSource("error_zh_CN.ftl"): Not found
21042 DEBUG [2020-04-07 19:26:35]  TemplateLoader.findTemplateSource("error_zh.ftl"): Not found
21043 DEBUG [2020-04-07 19:26:35]  TemplateLoader.findTemplateSource("error.ftl"): Not found
21043 DEBUG [2020-04-07 19:26:35]  "error.ftl"("zh_CN", UTF-8, parsed) no source found.
35384 DEBUG [2020-04-07 19:26:49]  Couldn't find template in cache for "qqCallBack.ftl"("zh_CN", UTF-8, parsed); will try to load it.
35385 DEBUG [2020-04-07 19:26:49]  TemplateLoader.findTemplateSource("qqCallBack_zh_CN.ftl"): Not found
35385 DEBUG [2020-04-07 19:26:49]  TemplateLoader.findTemplateSource("qqCallBack_zh.ftl"): Not found
35385 DEBUG [2020-04-07 19:26:49]  TemplateLoader.findTemplateSource("qqCallBack.ftl"): Not found
35394 DEBUG [2020-04-07 19:26:49]  TemplateLoader.findTemplateSource("error_zh_CN.ftl"): Not found
35394 DEBUG [2020-04-07 19:26:49]  TemplateLoader.findTemplateSource("error_zh.ftl"): Not found
35394 DEBUG [2020-04-07 19:26:49]  TemplateLoader.findTemplateSource("error.ftl"): Not found
35394 DEBUG [2020-04-07 19:26:49]  "error.ftl"("zh_CN", UTF-8, parsed) no source found.
0    DEBUG [2020-04-07 19:49:28]  Couldn't find template in cache for "error.ftl"("zh_CN", UTF-8, parsed); will try to load it.
2    DEBUG [2020-04-07 19:49:28]  TemplateLoader.findTemplateSource("error_zh_CN.ftl"): Not found
3    DEBUG [2020-04-07 19:49:28]  TemplateLoader.findTemplateSource("error_zh.ftl"): Not found
3    DEBUG [2020-04-07 19:49:28]  TemplateLoader.findTemplateSource("error.ftl"): Not found
9786 DEBUG [2020-04-07 19:49:38]  TemplateLoader.findTemplateSource("error_zh_CN.ftl"): Not found
9788 DEBUG [2020-04-07 19:49:38]  TemplateLoader.findTemplateSource("error_zh.ftl"): Not found
9789 DEBUG [2020-04-07 19:49:38]  TemplateLoader.findTemplateSource("error.ftl"): Not found
9789 DEBUG [2020-04-07 19:49:38]  "error.ftl"("zh_CN", UTF-8, parsed) no source found.
22193 DEBUG [2020-04-07 19:49:50]  TemplateLoader.findTemplateSource("error_zh_CN.ftl"): Not found
22193 DEBUG [2020-04-07 19:49:50]  TemplateLoader.findTemplateSource("error_zh.ftl"): Not found
22194 DEBUG [2020-04-07 19:49:50]  TemplateLoader.findTemplateSource("error.ftl"): Not found
22194 DEBUG [2020-04-07 19:49:50]  "error.ftl"("zh_CN", UTF-8, parsed) no source found.
37911 DEBUG [2020-04-07 19:50:06]  TemplateLoader.findTemplateSource("error_zh_CN.ftl"): Not found
37912 DEBUG [2020-04-07 19:50:06]  TemplateLoader.findTemplateSource("error_zh.ftl"): Not found
37912 DEBUG [2020-04-07 19:50:06]  TemplateLoader.findTemplateSource("error.ftl"): Not found
37912 DEBUG [2020-04-07 19:50:06]  "error.ftl"("zh_CN", UTF-8, parsed) no source found.
43580 DEBUG [2020-04-07 19:50:11]  TemplateLoader.findTemplateSource("error_zh_CN.ftl"): Not found
43580 DEBUG [2020-04-07 19:50:11]  TemplateLoader.findTemplateSource("error_zh.ftl"): Not found
43581 DEBUG [2020-04-07 19:50:11]  TemplateLoader.findTemplateSource("error.ftl"): Not found
43581 DEBUG [2020-04-07 19:50:11]  "error.ftl"("zh_CN", UTF-8, parsed) no source found.
0    DEBUG [2020-04-07 20:04:46]  Couldn't find template in cache for "qqCallBack.html.ftl"("zh_CN", UTF-8, parsed); will try to load it.
2    DEBUG [2020-04-07 20:04:46]  TemplateLoader.findTemplateSource("qqCallBack.html_zh_CN.ftl"): Not found
2    DEBUG [2020-04-07 20:04:46]  TemplateLoader.findTemplateSource("qqCallBack.html_zh.ftl"): Not found
2    DEBUG [2020-04-07 20:04:46]  TemplateLoader.findTemplateSource("qqCallBack.html.ftl"): Not found
21   DEBUG [2020-04-07 20:04:46]  Couldn't find template in cache for "error.ftl"("zh_CN", UTF-8, parsed); will try to load it.
22   DEBUG [2020-04-07 20:04:46]  TemplateLoader.findTemplateSource("error_zh_CN.ftl"): Not found
22   DEBUG [2020-04-07 20:04:46]  TemplateLoader.findTemplateSource("error_zh.ftl"): Not found
22   DEBUG [2020-04-07 20:04:46]  TemplateLoader.findTemplateSource("error.ftl"): Not found
0    DEBUG [2020-04-07 20:08:25]  Couldn't find template in cache for "error.ftl"("zh_CN", UTF-8, parsed); will try to load it.
2    DEBUG [2020-04-07 20:08:25]  TemplateLoader.findTemplateSource("error_zh_CN.ftl"): Not found
3    DEBUG [2020-04-07 20:08:25]  TemplateLoader.findTemplateSource("error_zh.ftl"): Not found
4    DEBUG [2020-04-07 20:08:25]  TemplateLoader.findTemplateSource("error.ftl"): Not found
40048 DEBUG [2020-04-07 20:09:05]  Couldn't find template in cache for "qqCallBack.html.ftl"("zh_CN", UTF-8, parsed); will try to load it.
40049 DEBUG [2020-04-07 20:09:05]  TemplateLoader.findTemplateSource("qqCallBack.html_zh_CN.ftl"): Not found
40049 DEBUG [2020-04-07 20:09:05]  TemplateLoader.findTemplateSource("qqCallBack.html_zh.ftl"): Not found
40049 DEBUG [2020-04-07 20:09:05]  TemplateLoader.findTemplateSource("qqCallBack.html.ftl"): Not found
40151 DEBUG [2020-04-07 20:09:05]  TemplateLoader.findTemplateSource("error_zh_CN.ftl"): Not found
40152 DEBUG [2020-04-07 20:09:05]  TemplateLoader.findTemplateSource("error_zh.ftl"): Not found
40152 DEBUG [2020-04-07 20:09:05]  TemplateLoader.findTemplateSource("error.ftl"): Not found
40152 DEBUG [2020-04-07 20:09:05]  "error.ftl"("zh_CN", UTF-8, parsed) no source found.
0    DEBUG [2020-04-07 20:10:11]  Couldn't find template in cache for "error.ftl"("zh_CN", UTF-8, parsed); will try to load it.
2    DEBUG [2020-04-07 20:10:11]  TemplateLoader.findTemplateSource("error_zh_CN.ftl"): Not found
2    DEBUG [2020-04-07 20:10:11]  TemplateLoader.findTemplateSource("error_zh.ftl"): Not found
3    DEBUG [2020-04-07 20:10:11]  TemplateLoader.findTemplateSource("error.ftl"): Not found
5648 DEBUG [2020-04-07 20:10:16]  TemplateLoader.findTemplateSource("error_zh_CN.ftl"): Not found
5649 DEBUG [2020-04-07 20:10:16]  TemplateLoader.findTemplateSource("error_zh.ftl"): Not found
5649 DEBUG [2020-04-07 20:10:16]  TemplateLoader.findTemplateSource("error.ftl"): Not found
5649 DEBUG [2020-04-07 20:10:16]  "error.ftl"("zh_CN", UTF-8, parsed) no source found.
16959 DEBUG [2020-04-07 20:10:28]  Couldn't find template in cache for "qqCallBack.ftl"("zh_CN", UTF-8, parsed); will try to load it.
16960 DEBUG [2020-04-07 20:10:28]  TemplateLoader.findTemplateSource("qqCallBack_zh_CN.ftl"): Not found
16960 DEBUG [2020-04-07 20:10:28]  TemplateLoader.findTemplateSource("qqCallBack_zh.ftl"): Not found
16960 DEBUG [2020-04-07 20:10:28]  TemplateLoader.findTemplateSource("qqCallBack.ftl"): Not found
17060 DEBUG [2020-04-07 20:10:28]  TemplateLoader.findTemplateSource("error_zh_CN.ftl"): Not found
17060 DEBUG [2020-04-07 20:10:28]  TemplateLoader.findTemplateSource("error_zh.ftl"): Not found
17061 DEBUG [2020-04-07 20:10:28]  TemplateLoader.findTemplateSource("error.ftl"): Not found
17061 DEBUG [2020-04-07 20:10:28]  "error.ftl"("zh_CN", UTF-8, parsed) no source found.
0    DEBUG [2020-04-07 20:11:53]  Couldn't find template in cache for "error.ftl"("zh_CN", UTF-8, parsed); will try to load it.
1    DEBUG [2020-04-07 20:11:53]  TemplateLoader.findTemplateSource("error_zh_CN.ftl"): Not found
2    DEBUG [2020-04-07 20:11:53]  TemplateLoader.findTemplateSource("error_zh.ftl"): Not found
2    DEBUG [2020-04-07 20:11:53]  TemplateLoader.findTemplateSource("error.ftl"): Not found
1342 DEBUG [2020-04-07 20:11:54]  "error.ftl"("zh_CN", UTF-8, parsed) cached copy not yet stale; using cached.
16577 DEBUG [2020-04-07 20:12:09]  Couldn't find template in cache for "qqCallBack.ftl"("zh_CN", UTF-8, parsed); will try to load it.
16577 DEBUG [2020-04-07 20:12:09]  TemplateLoader.findTemplateSource("qqCallBack_zh_CN.ftl"): Not found
16577 DEBUG [2020-04-07 20:12:09]  TemplateLoader.findTemplateSource("qqCallBack_zh.ftl"): Not found
16578 DEBUG [2020-04-07 20:12:09]  TemplateLoader.findTemplateSource("qqCallBack.ftl"): Not found
0    DEBUG [2020-04-07 20:22:47]  Couldn't find template in cache for "qqCallBack.ftl"("zh_CN", UTF-8, parsed); will try to load it.
2    DEBUG [2020-04-07 20:22:47]  TemplateLoader.findTemplateSource("qqCallBack_zh_CN.ftl"): Not found
3    DEBUG [2020-04-07 20:22:47]  TemplateLoader.findTemplateSource("qqCallBack_zh.ftl"): Not found
3    DEBUG [2020-04-07 20:22:47]  TemplateLoader.findTemplateSource("qqCallBack.ftl"): Not found
0    DEBUG [2020-04-07 20:27:50]  Couldn't find template in cache for "qqCallBack.ftl"("zh_CN", UTF-8, parsed); will try to load it.
2    DEBUG [2020-04-07 20:27:50]  TemplateLoader.findTemplateSource("qqCallBack_zh_CN.ftl"): Not found
3    DEBUG [2020-04-07 20:27:50]  TemplateLoader.findTemplateSource("qqCallBack_zh.ftl"): Not found
3    DEBUG [2020-04-07 20:27:50]  TemplateLoader.findTemplateSource("qqCallBack.ftl"): Not found
0    DEBUG [2020-04-07 20:28:53]  Couldn't find template in cache for "qqCallBack.ftl"("zh_CN", UTF-8, parsed); will try to load it.
3    DEBUG [2020-04-07 20:28:53]  TemplateLoader.findTemplateSource("qqCallBack_zh_CN.ftl"): Not found
4    DEBUG [2020-04-07 20:28:53]  TemplateLoader.findTemplateSource("qqCallBack_zh.ftl"): Not found
4    DEBUG [2020-04-07 20:28:53]  TemplateLoader.findTemplateSource("qqCallBack.ftl"): Not found
0    DEBUG [2020-04-07 20:32:43]  Couldn't find template in cache for "qqCallBack.ftl"("zh_CN", UTF-8, parsed); will try to load it.
2    DEBUG [2020-04-07 20:32:43]  TemplateLoader.findTemplateSource("qqCallBack_zh_CN.ftl"): Not found
3    DEBUG [2020-04-07 20:32:43]  TemplateLoader.findTemplateSource("qqCallBack_zh.ftl"): Not found
3    DEBUG [2020-04-07 20:32:43]  TemplateLoader.findTemplateSource("qqCallBack.ftl"): Not found
0    DEBUG [2020-04-07 20:33:45]  Couldn't find template in cache for "qqCallBack.ftl"("zh_CN", UTF-8, parsed); will try to load it.
2    DEBUG [2020-04-07 20:33:45]  TemplateLoader.findTemplateSource("qqCallBack_zh_CN.ftl"): Not found
2    DEBUG [2020-04-07 20:33:45]  TemplateLoader.findTemplateSource("qqCallBack_zh.ftl"): Not found
3    DEBUG [2020-04-07 20:33:45]  TemplateLoader.findTemplateSource("qqCallBack.ftl"): Not found
0    DEBUG [2020-04-07 20:35:15]  Couldn't find template in cache for "qqCallBack.ftl"("zh_CN", UTF-8, parsed); will try to load it.
2    DEBUG [2020-04-07 20:35:15]  TemplateLoader.findTemplateSource("qqCallBack_zh_CN.ftl"): Not found
2    DEBUG [2020-04-07 20:35:15]  TemplateLoader.findTemplateSource("qqCallBack_zh.ftl"): Not found
3    DEBUG [2020-04-07 20:35:15]  TemplateLoader.findTemplateSource("qqCallBack.ftl"): Not found
0    DEBUG [2020-11-05 22:17:17]  Couldn't find template in cache for "error.ftlh"("zh_CN", UTF-8, parsed); will try to load it.
13   DEBUG [2020-11-05 22:17:17]  TemplateLoader.findTemplateSource("error_zh_CN.ftlh"): Not found
14   DEBUG [2020-11-05 22:17:17]  TemplateLoader.findTemplateSource("error_zh.ftlh"): Not found
14   DEBUG [2020-11-05 22:17:17]  TemplateLoader.findTemplateSource("error.ftlh"): Not found
36002 DEBUG [2020-11-05 22:17:53]  TemplateLoader.findTemplateSource("error_zh_CN.ftlh"): Not found
36002 DEBUG [2020-11-05 22:17:53]  TemplateLoader.findTemplateSource("error_zh.ftlh"): Not found
36003 DEBUG [2020-11-05 22:17:53]  TemplateLoader.findTemplateSource("error.ftlh"): Not found
36003 DEBUG [2020-11-05 22:17:53]  "error.ftlh"("zh_CN", UTF-8, parsed) no source found.
40996 DEBUG [2020-11-05 22:17:58]  "error.ftlh"("zh_CN", UTF-8, parsed) cached copy not yet stale; using cached.
