2020-06-16 21:34:11.837  INFO 11036 --- [restartedMain] com.sht.deal.DealApplication             : Starting DealApplication on sht with PID 11036 (D:\myProject\deal\target\classes started by SHT in D:\myProject\deal)
2020-06-16 21:34:11.843  INFO 11036 --- [restartedMain] com.sht.deal.DealApplication             : No active profile set, falling back to default profiles: default
2020-06-16 21:34:11.920  INFO 11036 --- [restartedMain] ConfigServletWebServerApplicationContext : Refreshing org.springframework.boot.web.servlet.context.AnnotationConfigServletWebServerApplicationContext@36523c01: startup date [Tue Jun 16 21:34:11 CST 2020]; root of context hierarchy
2020-06-16 21:34:12.744  WARN 11036 --- [restartedMain] t.m.s.mapper.ClassPathMapperScanner      : No MyBatis mapper was found in '[com.sht.deal]' package. Please check your configuration.
2020-06-16 21:34:12.806  WARN 11036 --- [restartedMain] o.m.s.mapper.ClassPathMapperScanner      : No MyBatis mapper was found in '[com.sht.deal]' package. Please check your configuration.
2020-06-16 21:34:12.852  INFO 11036 --- [restartedMain] .s.d.r.c.RepositoryConfigurationDelegate : Multiple Spring Data modules found, entering strict repository configuration mode!
2020-06-16 21:34:13.322  INFO 11036 --- [restartedMain] trationDelegate$BeanPostProcessorChecker : Bean 'org.springframework.transaction.annotation.ProxyTransactionManagementConfiguration' of type [org.springframework.transaction.annotation.ProxyTransactionManagementConfiguration$$EnhancerBySpringCGLIB$$50039538] is not eligible for getting processed by all BeanPostProcessors (for example: not eligible for auto-proxying)
2020-06-16 21:34:13.418  INFO 11036 --- [restartedMain] trationDelegate$BeanPostProcessorChecker : Bean 'shiroConfig' of type [com.sht.deal.config.ShiroConfig$$EnhancerBySpringCGLIB$$646d86aa] is not eligible for getting processed by all BeanPostProcessors (for example: not eligible for auto-proxying)
2020-06-16 21:34:13.460  INFO 11036 --- [restartedMain] trationDelegate$BeanPostProcessorChecker : Bean 'org.springframework.boot.context.properties.ConversionServiceDeducer$Factory' of type [org.springframework.boot.context.properties.ConversionServiceDeducer$Factory] is not eligible for getting processed by all BeanPostProcessors (for example: not eligible for auto-proxying)
2020-06-16 21:34:13.514  INFO 11036 --- [restartedMain] trationDelegate$BeanPostProcessorChecker : Bean 'mybatis-tk.mybatis.mapper.autoconfigure.MybatisProperties' of type [tk.mybatis.mapper.autoconfigure.MybatisProperties] is not eligible for getting processed by all BeanPostProcessors (for example: not eligible for auto-proxying)
2020-06-16 21:34:13.527  INFO 11036 --- [restartedMain] trationDelegate$BeanPostProcessorChecker : Bean 'tk.mybatis.mapper.autoconfigure.MapperAutoConfiguration' of type [tk.mybatis.mapper.autoconfigure.MapperAutoConfiguration$$EnhancerBySpringCGLIB$$5f43cd1] is not eligible for getting processed by all BeanPostProcessors (for example: not eligible for auto-proxying)
2020-06-16 21:34:13.532  INFO 11036 --- [restartedMain] trationDelegate$BeanPostProcessorChecker : Bean 'org.springframework.boot.autoconfigure.jdbc.DataSourceConfiguration$Generic' of type [org.springframework.boot.autoconfigure.jdbc.DataSourceConfiguration$Generic] is not eligible for getting processed by all BeanPostProcessors (for example: not eligible for auto-proxying)
2020-06-16 21:34:13.549  INFO 11036 --- [restartedMain] trationDelegate$BeanPostProcessorChecker : Bean 'spring.datasource-org.springframework.boot.autoconfigure.jdbc.DataSourceProperties' of type [org.springframework.boot.autoconfigure.jdbc.DataSourceProperties] is not eligible for getting processed by all BeanPostProcessors (for example: not eligible for auto-proxying)
2020-06-16 21:34:13.616  INFO 11036 --- [restartedMain] trationDelegate$BeanPostProcessorChecker : Bean 'dataSource' of type [com.alibaba.druid.pool.DruidDataSource] is not eligible for getting processed by all BeanPostProcessors (for example: not eligible for auto-proxying)
2020-06-16 21:34:13.675  INFO 11036 --- [restartedMain] trationDelegate$BeanPostProcessorChecker : Bean 'org.springframework.boot.autoconfigure.jdbc.DataSourceInitializerInvoker' of type [org.springframework.boot.autoconfigure.jdbc.DataSourceInitializerInvoker] is not eligible for getting processed by all BeanPostProcessors (for example: not eligible for auto-proxying)
2020-06-16 21:34:13.685  INFO 11036 --- [restartedMain] trationDelegate$BeanPostProcessorChecker : Bean 'sqlSessionFactory' of type [org.apache.ibatis.session.defaults.DefaultSqlSessionFactory] is not eligible for getting processed by all BeanPostProcessors (for example: not eligible for auto-proxying)
2020-06-16 21:34:13.695  INFO 11036 --- [restartedMain] trationDelegate$BeanPostProcessorChecker : Bean 'sqlSessionTemplate' of type [org.mybatis.spring.SqlSessionTemplate] is not eligible for getting processed by all BeanPostProcessors (for example: not eligible for auto-proxying)
2020-06-16 21:34:13.869  INFO 11036 --- [restartedMain] trationDelegate$BeanPostProcessorChecker : Bean 'userMapper' of type [tk.mybatis.spring.mapper.MapperFactoryBean] is not eligible for getting processed by all BeanPostProcessors (for example: not eligible for auto-proxying)
2020-06-16 21:34:13.873  INFO 11036 --- [restartedMain] trationDelegate$BeanPostProcessorChecker : Bean 'userMapper' of type [com.sun.proxy.$Proxy105] is not eligible for getting processed by all BeanPostProcessors (for example: not eligible for auto-proxying)
2020-06-16 21:34:13.945  INFO 11036 --- [restartedMain] trationDelegate$BeanPostProcessorChecker : Bean 'roleMapper' of type [tk.mybatis.spring.mapper.MapperFactoryBean] is not eligible for getting processed by all BeanPostProcessors (for example: not eligible for auto-proxying)
2020-06-16 21:34:13.947  INFO 11036 --- [restartedMain] trationDelegate$BeanPostProcessorChecker : Bean 'roleMapper' of type [com.sun.proxy.$Proxy106] is not eligible for getting processed by all BeanPostProcessors (for example: not eligible for auto-proxying)
2020-06-16 21:34:13.996  INFO 11036 --- [restartedMain] trationDelegate$BeanPostProcessorChecker : Bean 'permissionMapper' of type [tk.mybatis.spring.mapper.MapperFactoryBean] is not eligible for getting processed by all BeanPostProcessors (for example: not eligible for auto-proxying)
2020-06-16 21:34:13.997  INFO 11036 --- [restartedMain] trationDelegate$BeanPostProcessorChecker : Bean 'permissionMapper' of type [com.sun.proxy.$Proxy107] is not eligible for getting processed by all BeanPostProcessors (for example: not eligible for auto-proxying)
2020-06-16 21:34:14.008  INFO 11036 --- [restartedMain] trationDelegate$BeanPostProcessorChecker : Bean 'permissionService' of type [com.sht.deal.service.PermissionService] is not eligible for getting processed by all BeanPostProcessors (for example: not eligible for auto-proxying)
2020-06-16 21:34:14.025  INFO 11036 --- [restartedMain] trationDelegate$BeanPostProcessorChecker : Bean 'roleService' of type [com.sht.deal.service.RoleService] is not eligible for getting processed by all BeanPostProcessors (for example: not eligible for auto-proxying)
2020-06-16 21:34:14.032  INFO 11036 --- [restartedMain] trationDelegate$BeanPostProcessorChecker : Bean 'org.springframework.boot.autoconfigure.data.redis.RedisAutoConfiguration' of type [org.springframework.boot.autoconfigure.data.redis.RedisAutoConfiguration$$EnhancerBySpringCGLIB$$459ac074] is not eligible for getting processed by all BeanPostProcessors (for example: not eligible for auto-proxying)
2020-06-16 21:34:14.146  INFO 11036 --- [restartedMain] trationDelegate$BeanPostProcessorChecker : Bean 'spring.redis-org.springframework.boot.autoconfigure.data.redis.RedisProperties' of type [org.springframework.boot.autoconfigure.data.redis.RedisProperties] is not eligible for getting processed by all BeanPostProcessors (for example: not eligible for auto-proxying)
2020-06-16 21:34:14.156  INFO 11036 --- [restartedMain] trationDelegate$BeanPostProcessorChecker : Bean 'org.springframework.boot.autoconfigure.data.redis.LettuceConnectionConfiguration' of type [org.springframework.boot.autoconfigure.data.redis.LettuceConnectionConfiguration$$EnhancerBySpringCGLIB$$651d5382] is not eligible for getting processed by all BeanPostProcessors (for example: not eligible for auto-proxying)
2020-06-16 21:34:14.239  INFO 11036 --- [restartedMain] trationDelegate$BeanPostProcessorChecker : Bean 'lettuceClientResources' of type [io.lettuce.core.resource.DefaultClientResources] is not eligible for getting processed by all BeanPostProcessors (for example: not eligible for auto-proxying)
2020-06-16 21:34:14.296  INFO 11036 --- [restartedMain] trationDelegate$BeanPostProcessorChecker : Bean 'redisConnectionFactory' of type [org.springframework.data.redis.connection.lettuce.LettuceConnectionFactory] is not eligible for getting processed by all BeanPostProcessors (for example: not eligible for auto-proxying)
2020-06-16 21:34:14.321  INFO 11036 --- [restartedMain] trationDelegate$BeanPostProcessorChecker : Bean 'stringRedisTemplate' of type [org.springframework.data.redis.core.StringRedisTemplate] is not eligible for getting processed by all BeanPostProcessors (for example: not eligible for auto-proxying)
2020-06-16 21:34:14.380  INFO 11036 --- [restartedMain] trationDelegate$BeanPostProcessorChecker : Bean 'fansMapper' of type [tk.mybatis.spring.mapper.MapperFactoryBean] is not eligible for getting processed by all BeanPostProcessors (for example: not eligible for auto-proxying)
2020-06-16 21:34:14.382  INFO 11036 --- [restartedMain] trationDelegate$BeanPostProcessorChecker : Bean 'fansMapper' of type [com.sun.proxy.$Proxy108] is not eligible for getting processed by all BeanPostProcessors (for example: not eligible for auto-proxying)
2020-06-16 21:34:14.407  INFO 11036 --- [restartedMain] trationDelegate$BeanPostProcessorChecker : Bean 'fansService' of type [com.sht.deal.service.FansService] is not eligible for getting processed by all BeanPostProcessors (for example: not eligible for auto-proxying)
2020-06-16 21:34:14.413  INFO 11036 --- [restartedMain] trationDelegate$BeanPostProcessorChecker : Bean 'uploadService' of type [com.sht.deal.service.UploadService] is not eligible for getting processed by all BeanPostProcessors (for example: not eligible for auto-proxying)
2020-06-16 21:34:14.416  INFO 11036 --- [restartedMain] trationDelegate$BeanPostProcessorChecker : Bean 'userService' of type [com.sht.deal.service.UserService] is not eligible for getting processed by all BeanPostProcessors (for example: not eligible for auto-proxying)
2020-06-16 21:34:14.416  INFO 11036 --- [restartedMain] trationDelegate$BeanPostProcessorChecker : Bean 'userRealm' of type [com.sht.deal.config.UserRealm] is not eligible for getting processed by all BeanPostProcessors (for example: not eligible for auto-proxying)
2020-06-16 21:34:14.748  INFO 11036 --- [restartedMain] trationDelegate$BeanPostProcessorChecker : Bean 'rememberMeCookie' of type [org.apache.shiro.web.servlet.SimpleCookie] is not eligible for getting processed by all BeanPostProcessors (for example: not eligible for auto-proxying)
2020-06-16 21:34:14.754  INFO 11036 --- [restartedMain] trationDelegate$BeanPostProcessorChecker : Bean 'rememberMeManager' of type [org.apache.shiro.web.mgt.CookieRememberMeManager] is not eligible for getting processed by all BeanPostProcessors (for example: not eligible for auto-proxying)
2020-06-16 21:34:14.764  INFO 11036 --- [restartedMain] trationDelegate$BeanPostProcessorChecker : Bean 'securityManager' of type [org.apache.shiro.web.mgt.DefaultWebSecurityManager] is not eligible for getting processed by all BeanPostProcessors (for example: not eligible for auto-proxying)
2020-06-16 21:34:15.161  INFO 11036 --- [restartedMain] o.s.b.w.embedded.tomcat.TomcatWebServer  : Tomcat initialized with port(s): 8800 (http)
2020-06-16 21:34:15.178  INFO 11036 --- [restartedMain] o.apache.catalina.core.StandardService   : Starting service [Tomcat]
2020-06-16 21:34:15.178  INFO 11036 --- [restartedMain] org.apache.catalina.core.StandardEngine  : Starting Servlet Engine: Apache Tomcat/8.5.32
2020-06-16 21:34:15.182  INFO 11036 --- [localhost-startStop-1] o.a.catalina.core.AprLifecycleListener   : The APR based Apache Tomcat Native library which allows optimal performance in production environments was not found on the java.library.path: [C:\Program Files\Java\jdk1.8.0_131\bin;C:\WINDOWS\Sun\Java\bin;C:\WINDOWS\system32;C:\WINDOWS;C:\Program Files (x86)\Common Files\Oracle\Java\javapath;C:\ProgramData\Oracle\Java\javapath;C:\WINDOWS\system32;C:\WINDOWS;C:\WINDOWS\System32\Wbem;C:\WINDOWS\System32\WindowsPowerShell\v1.0\;C:\Program Files\Java\jdk1.8.0_131\bin;"E:\Maven\apache-maven-3.5.4\bin;";"E:\nodejs\;";C:\Program Files\MySQL\MySQL Server 8.0\bin;E:\IDEA 2018.3.5\Git\Git\cmd;E:\IDEA 2018.3.5\Git\Git\bin;E:\android\Android\Sdk\platform-tools;E:\gradle\gradle-5.6-rc-1\bin;E:\nodejs\;C:\Users\SHT\AppData\Local\Microsoft\WindowsApps;;D:\Program Files\JetBrains\IntelliJ IDEA 2020.1\bin;;C:\Users\SHT\AppData\Roaming\npm;D:\Program Files\Bandizip\;.]
2020-06-16 21:34:15.270  INFO 11036 --- [localhost-startStop-1] o.a.c.c.C.[Tomcat].[localhost].[/]       : Initializing Spring embedded WebApplicationContext
2020-06-16 21:34:15.271  INFO 11036 --- [localhost-startStop-1] o.s.web.context.ContextLoader            : Root WebApplicationContext: initialization completed in 3350 ms
2020-06-16 21:34:15.368  INFO 11036 --- [localhost-startStop-1] o.s.b.w.servlet.ServletRegistrationBean  : Servlet dispatcherServlet mapped to [/]
2020-06-16 21:34:15.372  INFO 11036 --- [localhost-startStop-1] o.s.b.w.servlet.FilterRegistrationBean   : Mapping filter: 'characterEncodingFilter' to: [/*]
2020-06-16 21:34:15.373  INFO 11036 --- [localhost-startStop-1] o.s.b.w.servlet.FilterRegistrationBean   : Mapping filter: 'hiddenHttpMethodFilter' to: [/*]
2020-06-16 21:34:15.373  INFO 11036 --- [localhost-startStop-1] o.s.b.w.servlet.FilterRegistrationBean   : Mapping filter: 'httpPutFormContentFilter' to: [/*]
2020-06-16 21:34:15.373  INFO 11036 --- [localhost-startStop-1] o.s.b.w.servlet.FilterRegistrationBean   : Mapping filter: 'requestContextFilter' to: [/*]
2020-06-16 21:34:15.373  INFO 11036 --- [localhost-startStop-1] o.s.b.w.servlet.FilterRegistrationBean   : Mapping filter: 'getShiroFilterFactoryBean' to: [/*]
2020-06-16 21:34:15.925  INFO 11036 --- [restartedMain] o.s.w.s.handler.SimpleUrlHandlerMapping  : Mapped URL path [/**/favicon.ico] onto handler of type [class org.springframework.web.servlet.resource.ResourceHttpRequestHandler]
2020-06-16 21:34:16.227  INFO 11036 --- [restartedMain] s.w.s.m.m.a.RequestMappingHandlerAdapter : Looking for @ControllerAdvice: org.springframework.boot.web.servlet.context.AnnotationConfigServletWebServerApplicationContext@36523c01: startup date [Tue Jun 16 21:34:11 CST 2020]; root of context hierarchy
2020-06-16 21:34:16.295  INFO 11036 --- [restartedMain] s.w.s.m.m.a.RequestMappingHandlerMapping : Mapped "{[/api/token/buy/add],methods=[POST]}" onto public org.springframework.http.ResponseEntity com.sht.deal.controller.BuyController.add(com.sht.deal.domain.Buy) throws java.lang.Exception
2020-06-16 21:34:16.296  INFO 11036 --- [restartedMain] s.w.s.m.m.a.RequestMappingHandlerMapping : Mapped "{[/api/token/buy/update],methods=[PUT]}" onto public org.springframework.http.ResponseEntity com.sht.deal.controller.BuyController.update(com.sht.deal.domain.Buy) throws java.lang.Exception
2020-06-16 21:34:16.296  INFO 11036 --- [restartedMain] s.w.s.m.m.a.RequestMappingHandlerMapping : Mapped "{[/api/token/buy/delete],methods=[DELETE]}" onto public org.springframework.http.ResponseEntity com.sht.deal.controller.BuyController.delete(java.lang.Integer)
2020-06-16 21:34:16.297  INFO 11036 --- [restartedMain] s.w.s.m.m.a.RequestMappingHandlerMapping : Mapped "{[/api/token/buy/findByLike],methods=[GET]}" onto public org.springframework.http.ResponseEntity com.sht.deal.controller.BuyController.findByLike(java.lang.String,java.lang.Integer,java.lang.Integer)
2020-06-16 21:34:16.297  INFO 11036 --- [restartedMain] s.w.s.m.m.a.RequestMappingHandlerMapping : Mapped "{[/api/token/buy/findByPage],methods=[GET]}" onto public org.springframework.http.ResponseEntity<com.sht.deal.utils.PageResult<com.sht.deal.domain.Buy>> com.sht.deal.controller.BuyController.findByPage(java.lang.Integer,java.lang.String,java.lang.Integer,java.lang.Integer)
2020-06-16 21:34:16.298  INFO 11036 --- [restartedMain] s.w.s.m.m.a.RequestMappingHandlerMapping : Mapped "{[/api/classify1/add],methods=[POST]}" onto public org.springframework.http.ResponseEntity com.sht.deal.controller.Classify1Controller.add(com.sht.deal.domain.Classify1)
2020-06-16 21:34:16.299  INFO 11036 --- [restartedMain] s.w.s.m.m.a.RequestMappingHandlerMapping : Mapped "{[/api/classify1/update],methods=[PUT]}" onto public org.springframework.http.ResponseEntity com.sht.deal.controller.Classify1Controller.update(com.sht.deal.domain.Classify1)
2020-06-16 21:34:16.299  INFO 11036 --- [restartedMain] s.w.s.m.m.a.RequestMappingHandlerMapping : Mapped "{[/api/classify1/delete],methods=[GET]}" onto public org.springframework.http.ResponseEntity com.sht.deal.controller.Classify1Controller.delete(java.lang.Integer)
2020-06-16 21:34:16.300  INFO 11036 --- [restartedMain] s.w.s.m.m.a.RequestMappingHandlerMapping : Mapped "{[/api/classify1/findAll],methods=[GET]}" onto public org.springframework.http.ResponseEntity<java.util.List<com.sht.deal.domain.Classify1>> com.sht.deal.controller.Classify1Controller.findAll()
2020-06-16 21:34:16.300  INFO 11036 --- [restartedMain] s.w.s.m.m.a.RequestMappingHandlerMapping : Mapped "{[/api/classify1/findChildById],methods=[GET]}" onto public org.springframework.http.ResponseEntity<java.util.List<com.sht.deal.domain.Classify2>> com.sht.deal.controller.Classify1Controller.findChildById(java.lang.Integer) throws java.lang.Exception
2020-06-16 21:34:16.300  INFO 11036 --- [restartedMain] s.w.s.m.m.a.RequestMappingHandlerMapping : Mapped "{[/api/classify1/findById],methods=[GET]}" onto public org.springframework.http.ResponseEntity<com.sht.deal.domain.Classify1> com.sht.deal.controller.Classify1Controller.findById(java.lang.Integer)
2020-06-16 21:34:16.301  INFO 11036 --- [restartedMain] s.w.s.m.m.a.RequestMappingHandlerMapping : Mapped "{[/api/classify1/findClassify1],methods=[GET]}" onto public org.springframework.http.ResponseEntity<java.util.List<com.sht.deal.domain.Classify1>> com.sht.deal.controller.Classify1Controller.findClassify1()
2020-06-16 21:34:16.301  INFO 11036 --- [restartedMain] s.w.s.m.m.a.RequestMappingHandlerMapping : Mapped "{[/api/classify2/add],methods=[POST]}" onto public org.springframework.http.ResponseEntity com.sht.deal.controller.Classify2Controller.add(com.sht.deal.domain.Classify2)
2020-06-16 21:34:16.302  INFO 11036 --- [restartedMain] s.w.s.m.m.a.RequestMappingHandlerMapping : Mapped "{[/api/classify2/update],methods=[PUT]}" onto public org.springframework.http.ResponseEntity com.sht.deal.controller.Classify2Controller.update(com.sht.deal.domain.Classify2)
2020-06-16 21:34:16.302  INFO 11036 --- [restartedMain] s.w.s.m.m.a.RequestMappingHandlerMapping : Mapped "{[/api/classify2/delete],methods=[GET]}" onto public org.springframework.http.ResponseEntity com.sht.deal.controller.Classify2Controller.delete(java.lang.Integer)
2020-06-16 21:34:16.303  INFO 11036 --- [restartedMain] s.w.s.m.m.a.RequestMappingHandlerMapping : Mapped "{[/api/token/collect/delete],methods=[DELETE]}" onto public org.springframework.http.ResponseEntity com.sht.deal.controller.CollectController.delete(java.lang.Integer[])
2020-06-16 21:34:16.303  INFO 11036 --- [restartedMain] s.w.s.m.m.a.RequestMappingHandlerMapping : Mapped "{[/api/token/collect/save],methods=[POST]}" onto public org.springframework.http.ResponseEntity com.sht.deal.controller.CollectController.save(com.sht.deal.domain.Collect)
2020-06-16 21:34:16.303  INFO 11036 --- [restartedMain] s.w.s.m.m.a.RequestMappingHandlerMapping : Mapped "{[/api/token/collect/findByUser],methods=[GET]}" onto public org.springframework.http.ResponseEntity com.sht.deal.controller.CollectController.findByUser(java.lang.Integer,java.lang.Integer,java.lang.Integer)
2020-06-16 21:34:16.304  INFO 11036 --- [restartedMain] s.w.s.m.m.a.RequestMappingHandlerMapping : Mapped "{[/api/token/comment/delete],methods=[DELETE]}" onto public org.springframework.http.ResponseEntity com.sht.deal.controller.CommentController.delete(java.lang.Integer)
2020-06-16 21:34:16.304  INFO 11036 --- [restartedMain] s.w.s.m.m.a.RequestMappingHandlerMapping : Mapped "{[/api/token/comment/save],methods=[POST]}" onto public org.springframework.http.ResponseEntity com.sht.deal.controller.CommentController.save(com.sht.deal.domain.Comment) throws java.lang.Exception
2020-06-16 21:34:16.305  INFO 11036 --- [restartedMain] s.w.s.m.m.a.RequestMappingHandlerMapping : Mapped "{[/api/token/fans/delete],methods=[DELETE]}" onto public org.springframework.http.ResponseEntity com.sht.deal.controller.FansController.delete(java.lang.Integer)
2020-06-16 21:34:16.305  INFO 11036 --- [restartedMain] s.w.s.m.m.a.RequestMappingHandlerMapping : Mapped "{[/api/token/fans/save],methods=[POST]}" onto public org.springframework.http.ResponseEntity com.sht.deal.controller.FansController.save(com.sht.deal.domain.Fans)
2020-06-16 21:34:16.305  INFO 11036 --- [restartedMain] s.w.s.m.m.a.RequestMappingHandlerMapping : Mapped "{[/api/token/fans/checkFans],methods=[GET]}" onto public org.springframework.http.ResponseEntity com.sht.deal.controller.FansController.checkFans(java.lang.Integer,java.lang.Integer)
2020-06-16 21:34:16.306  INFO 11036 --- [restartedMain] s.w.s.m.m.a.RequestMappingHandlerMapping : Mapped "{[/api/token/fans/findFansToUser],methods=[GET]}" onto public org.springframework.http.ResponseEntity com.sht.deal.controller.FansController.findFansToUser(java.lang.Integer,java.lang.Integer,java.lang.Integer,java.lang.Integer)
2020-06-16 21:34:16.307  INFO 11036 --- [restartedMain] s.w.s.m.m.a.RequestMappingHandlerMapping : Mapped "{[/api/goods/add],methods=[POST]}" onto public org.springframework.http.ResponseEntity com.sht.deal.controller.GoodsController.add(com.sht.deal.domain.Goods) throws java.lang.Exception
2020-06-16 21:34:16.307  INFO 11036 --- [restartedMain] s.w.s.m.m.a.RequestMappingHandlerMapping : Mapped "{[/api/goods/update],methods=[PUT]}" onto public org.springframework.http.ResponseEntity com.sht.deal.controller.GoodsController.update(com.sht.deal.domain.Goods) throws java.lang.Exception
2020-06-16 21:34:16.307  INFO 11036 --- [restartedMain] s.w.s.m.m.a.RequestMappingHandlerMapping : Mapped "{[/api/goods/deleteGoods],methods=[GET]}" onto public org.springframework.http.ResponseEntity com.sht.deal.controller.GoodsController.deleteGoods(java.lang.Integer)
2020-06-16 21:34:16.307  INFO 11036 --- [restartedMain] s.w.s.m.m.a.RequestMappingHandlerMapping : Mapped "{[/api/goods/findByPage],methods=[GET]}" onto public org.springframework.http.ResponseEntity<com.sht.deal.utils.PageResult<com.sht.deal.domain.Goods>> com.sht.deal.controller.GoodsController.findByPage(java.lang.Integer,java.lang.Integer,java.lang.String,java.lang.Integer,java.lang.String,java.lang.Integer,java.lang.Integer)
2020-06-16 21:34:16.308  INFO 11036 --- [restartedMain] s.w.s.m.m.a.RequestMappingHandlerMapping : Mapped "{[/api/goods/findById],methods=[GET]}" onto public org.springframework.http.ResponseEntity<com.sht.deal.domain.Goods> com.sht.deal.controller.GoodsController.findById(java.lang.Integer,java.lang.Integer) throws java.lang.Exception
2020-06-16 21:34:16.308  INFO 11036 --- [restartedMain] s.w.s.m.m.a.RequestMappingHandlerMapping : Mapped "{[/api/token/like/save],methods=[POST]}" onto public org.springframework.http.ResponseEntity com.sht.deal.controller.LikeController.save(java.util.Map)
2020-06-16 21:34:16.309  INFO 11036 --- [restartedMain] s.w.s.m.m.a.RequestMappingHandlerMapping : Mapped "{[/api/token/permission/delete],methods=[DELETE]}" onto public org.springframework.http.ResponseEntity com.sht.deal.controller.PermissionController.delete(java.lang.Integer[])
2020-06-16 21:34:16.309  INFO 11036 --- [restartedMain] s.w.s.m.m.a.RequestMappingHandlerMapping : Mapped "{[/api/token/permission/save],methods=[POST]}" onto public org.springframework.http.ResponseEntity com.sht.deal.controller.PermissionController.save(com.sht.deal.domain.Permission)
2020-06-16 21:34:16.309  INFO 11036 --- [restartedMain] s.w.s.m.m.a.RequestMappingHandlerMapping : Mapped "{[/api/token/permission/findByPage],methods=[GET]}" onto public org.springframework.http.ResponseEntity<com.sht.deal.utils.PageResult<com.sht.deal.domain.Permission>> com.sht.deal.controller.PermissionController.findByPage(java.lang.Integer,java.lang.Integer)
2020-06-16 21:34:16.311  INFO 11036 --- [restartedMain] s.w.s.m.m.a.RequestMappingHandlerMapping : Mapped "{[/api/token/reply/delete],methods=[DELETE]}" onto public org.springframework.http.ResponseEntity com.sht.deal.controller.ReplyController.delete(java.lang.Integer)
2020-06-16 21:34:16.311  INFO 11036 --- [restartedMain] s.w.s.m.m.a.RequestMappingHandlerMapping : Mapped "{[/api/token/reply/save],methods=[POST]}" onto public org.springframework.http.ResponseEntity com.sht.deal.controller.ReplyController.save(com.sht.deal.domain.Reply) throws java.lang.Exception
2020-06-16 21:34:16.312  INFO 11036 --- [restartedMain] s.w.s.m.m.a.RequestMappingHandlerMapping : Mapped "{[/api/token/reply/findAllByUser],methods=[GET]}" onto public org.springframework.http.ResponseEntity<com.sht.deal.utils.JsonData> com.sht.deal.controller.ReplyController.findAllByUser(java.lang.Integer)
2020-06-16 21:34:16.313  INFO 11036 --- [restartedMain] s.w.s.m.m.a.RequestMappingHandlerMapping : Mapped "{[/api/token/role/delete],methods=[DELETE]}" onto public org.springframework.http.ResponseEntity com.sht.deal.controller.RoleController.delete(java.lang.Integer[])
2020-06-16 21:34:16.313  INFO 11036 --- [restartedMain] s.w.s.m.m.a.RequestMappingHandlerMapping : Mapped "{[/api/token/role/save],methods=[POST]}" onto public org.springframework.http.ResponseEntity com.sht.deal.controller.RoleController.save(com.sht.deal.domain.Role)
2020-06-16 21:34:16.313  INFO 11036 --- [restartedMain] s.w.s.m.m.a.RequestMappingHandlerMapping : Mapped "{[/api/token/role/findByPage],methods=[GET]}" onto public org.springframework.http.ResponseEntity<com.sht.deal.utils.PageResult<com.sht.deal.domain.Role>> com.sht.deal.controller.RoleController.findByPage(java.lang.Integer,java.lang.Integer)
2020-06-16 21:34:16.315  INFO 11036 --- [restartedMain] s.w.s.m.m.a.RequestMappingHandlerMapping : Mapped "{[/api/token/role/findById],methods=[GET]}" onto public org.springframework.http.ResponseEntity<com.sht.deal.domain.Role> com.sht.deal.controller.RoleController.findById(java.lang.Integer)
2020-06-16 21:34:16.315  INFO 11036 --- [restartedMain] s.w.s.m.m.a.RequestMappingHandlerMapping : Mapped "{[/api/token/role/addPermissionByRoleId],methods=[POST]}" onto public org.springframework.http.ResponseEntity com.sht.deal.controller.RoleController.addPermissionByRoleId(com.sht.deal.domain.Middle)
2020-06-16 21:34:16.315  INFO 11036 --- [restartedMain] s.w.s.m.m.a.RequestMappingHandlerMapping : Mapped "{[/api/token/role/findOtherPermission],methods=[GET]}" onto public org.springframework.http.ResponseEntity<java.util.List<com.sht.deal.domain.Permission>> com.sht.deal.controller.RoleController.findOtherPermission(java.lang.Integer)
2020-06-16 21:34:16.316  INFO 11036 --- [restartedMain] s.w.s.m.m.a.RequestMappingHandlerMapping : Mapped "{[/api/token/role/deletePermissionToRole],methods=[DELETE]}" onto public org.springframework.http.ResponseEntity com.sht.deal.controller.RoleController.deletePermissionToRole(java.lang.Integer,java.lang.Integer)
2020-06-16 21:34:16.316  INFO 11036 --- [restartedMain] s.w.s.m.m.a.RequestMappingHandlerMapping : Mapped "{[/api/upload/image],methods=[POST]}" onto public org.springframework.http.ResponseEntity com.sht.deal.controller.UploadController.uploadImage(org.springframework.web.multipart.MultipartFile[],java.lang.String)
2020-06-16 21:34:16.317  INFO 11036 --- [restartedMain] s.w.s.m.m.a.RequestMappingHandlerMapping : Mapped "{[/api/upload/deleteImage],methods=[POST]}" onto public org.springframework.http.ResponseEntity com.sht.deal.controller.UploadController.delFile(java.lang.String)
2020-06-16 21:34:16.322  INFO 11036 --- [restartedMain] s.w.s.m.m.a.RequestMappingHandlerMapping : Mapped "{[/api/user/update],methods=[PUT]}" onto public org.springframework.http.ResponseEntity com.sht.deal.controller.UserController.update(com.sht.deal.domain.User) throws java.lang.Exception
2020-06-16 21:34:16.322  INFO 11036 --- [restartedMain] s.w.s.m.m.a.RequestMappingHandlerMapping : Mapped "{[/api/user/getMessage],methods=[GET]}" onto public org.springframework.http.ResponseEntity com.sht.deal.controller.UserController.getMessage(java.lang.Integer)
2020-06-16 21:34:16.322  INFO 11036 --- [restartedMain] s.w.s.m.m.a.RequestMappingHandlerMapping : Mapped "{[/api/user/delete],methods=[DELETE]}" onto public org.springframework.http.ResponseEntity com.sht.deal.controller.UserController.delete(java.lang.Integer[])
2020-06-16 21:34:16.322  INFO 11036 --- [restartedMain] s.w.s.m.m.a.RequestMappingHandlerMapping : Mapped "{[/api/user/save],methods=[POST]}" onto public org.springframework.http.ResponseEntity com.sht.deal.controller.UserController.save(com.sht.deal.domain.User) throws java.lang.Exception
2020-06-16 21:34:16.323  INFO 11036 --- [restartedMain] s.w.s.m.m.a.RequestMappingHandlerMapping : Mapped "{[/api/user/qqCallBack],methods=[GET]}" onto public java.lang.String com.sht.deal.controller.UserController.callback(javax.servlet.http.HttpServletRequest,org.springframework.ui.ModelMap)
2020-06-16 21:34:16.323  INFO 11036 --- [restartedMain] s.w.s.m.m.a.RequestMappingHandlerMapping : Mapped "{[/api/user/findAll],methods=[GET]}" onto public org.springframework.http.ResponseEntity<com.sht.deal.utils.PageResult<com.sht.deal.domain.User>> com.sht.deal.controller.UserController.findAll(java.lang.String,java.lang.Integer,java.lang.Integer)
2020-06-16 21:34:16.323  INFO 11036 --- [restartedMain] s.w.s.m.m.a.RequestMappingHandlerMapping : Mapped "{[/api/user/findById],methods=[GET]}" onto public org.springframework.http.ResponseEntity com.sht.deal.controller.UserController.findById(java.lang.Integer)
2020-06-16 21:34:16.323  INFO 11036 --- [restartedMain] s.w.s.m.m.a.RequestMappingHandlerMapping : Mapped "{[/api/user/getEmailCode],methods=[GET]}" onto public org.springframework.http.ResponseEntity com.sht.deal.controller.UserController.sendRegisterEmailCode(java.lang.String,java.lang.String) throws java.lang.Exception
2020-06-16 21:34:16.323  INFO 11036 --- [restartedMain] s.w.s.m.m.a.RequestMappingHandlerMapping : Mapped "{[/api/user/saveAdmin],methods=[POST]}" onto public org.springframework.http.ResponseEntity com.sht.deal.controller.UserController.saveAdmin(com.sht.deal.domain.User) throws java.lang.Exception
2020-06-16 21:34:16.324  INFO 11036 --- [restartedMain] s.w.s.m.m.a.RequestMappingHandlerMapping : Mapped "{[/api/user/deleteRoleToUser],methods=[DELETE]}" onto public org.springframework.http.ResponseEntity<com.sht.deal.utils.JsonData> com.sht.deal.controller.UserController.deleteRoleToUser(java.lang.Integer,java.lang.Integer)
2020-06-16 21:34:16.324  INFO 11036 --- [restartedMain] s.w.s.m.m.a.RequestMappingHandlerMapping : Mapped "{[/api/user/registerAndLogin],methods=[GET]}" onto public org.springframework.http.ResponseEntity com.sht.deal.controller.UserController.registerAndLogin(java.lang.String,java.lang.String)
2020-06-16 21:34:16.324  INFO 11036 --- [restartedMain] s.w.s.m.m.a.RequestMappingHandlerMapping : Mapped "{[/api/user/qqLogin],methods=[GET]}" onto public void com.sht.deal.controller.UserController.qqLogin(javax.servlet.http.HttpSession,javax.servlet.http.HttpServletResponse)
2020-06-16 21:34:16.324  INFO 11036 --- [restartedMain] s.w.s.m.m.a.RequestMappingHandlerMapping : Mapped "{[/api/user/login],methods=[POST]}" onto public org.springframework.http.ResponseEntity<java.util.Map> com.sht.deal.controller.UserController.login(com.sht.deal.domain.User)
2020-06-16 21:34:16.325  INFO 11036 --- [restartedMain] s.w.s.m.m.a.RequestMappingHandlerMapping : Mapped "{[/api/user/updateName],methods=[PUT]}" onto public org.springframework.http.ResponseEntity com.sht.deal.controller.UserController.updateName(com.sht.deal.domain.User) throws java.lang.Exception
2020-06-16 21:34:16.325  INFO 11036 --- [restartedMain] s.w.s.m.m.a.RequestMappingHandlerMapping : Mapped "{[/api/user/authorError],methods=[GET]}" onto public org.springframework.http.ResponseEntity com.sht.deal.controller.UserController.authError(java.lang.Integer)
2020-06-16 21:34:16.325  INFO 11036 --- [restartedMain] s.w.s.m.m.a.RequestMappingHandlerMapping : Mapped "{[/api/user/updateImg],methods=[PUT]}" onto public org.springframework.http.ResponseEntity com.sht.deal.controller.UserController.updateImg(com.sht.deal.domain.User) throws java.lang.Exception
2020-06-16 21:34:16.325  INFO 11036 --- [restartedMain] s.w.s.m.m.a.RequestMappingHandlerMapping : Mapped "{[/api/user/changePassword],methods=[POST]}" onto public org.springframework.http.ResponseEntity com.sht.deal.controller.UserController.changePassword(com.sht.deal.domain.User) throws java.lang.Exception
2020-06-16 21:34:16.325  INFO 11036 --- [restartedMain] s.w.s.m.m.a.RequestMappingHandlerMapping : Mapped "{[/api/user/addRoleToUser],methods=[POST]}" onto public org.springframework.http.ResponseEntity com.sht.deal.controller.UserController.addRoleToUser(com.sht.deal.domain.Middle)
2020-06-16 21:34:16.326  INFO 11036 --- [restartedMain] s.w.s.m.m.a.RequestMappingHandlerMapping : Mapped "{[/api/user/to_qq],methods=[GET]}" onto public void com.sht.deal.controller.UserController.toLogin(javax.servlet.http.HttpServletRequest,javax.servlet.http.HttpServletResponse)
2020-06-16 21:34:16.326  INFO 11036 --- [restartedMain] s.w.s.m.m.a.RequestMappingHandlerMapping : Mapped "{[/api/user/loginAdmin],methods=[POST]}" onto public org.springframework.http.ResponseEntity<java.util.Map> com.sht.deal.controller.UserController.loginAdmin(com.sht.deal.domain.User)
2020-06-16 21:34:16.326  INFO 11036 --- [restartedMain] s.w.s.m.m.a.RequestMappingHandlerMapping : Mapped "{[/api/user/findOtherRoles],methods=[GET]}" onto public org.springframework.http.ResponseEntity<java.util.List<com.sht.deal.domain.Role>> com.sht.deal.controller.UserController.findOtherRoles(java.lang.Integer)
2020-06-16 21:34:16.326  INFO 11036 --- [restartedMain] s.w.s.m.m.a.RequestMappingHandlerMapping : Mapped "{[/api/user/findRoleById],methods=[GET]}" onto public org.springframework.http.ResponseEntity com.sht.deal.controller.UserController.findRoleById(java.lang.Integer)
2020-06-16 21:34:16.329  INFO 11036 --- [restartedMain] s.w.s.m.m.a.RequestMappingHandlerMapping : Mapped "{[/error]}" onto public org.springframework.http.ResponseEntity<java.util.Map<java.lang.String, java.lang.Object>> org.springframework.boot.autoconfigure.web.servlet.error.BasicErrorController.error(javax.servlet.http.HttpServletRequest)
2020-06-16 21:34:16.329  INFO 11036 --- [restartedMain] s.w.s.m.m.a.RequestMappingHandlerMapping : Mapped "{[/error],produces=[text/html]}" onto public org.springframework.web.servlet.ModelAndView org.springframework.boot.autoconfigure.web.servlet.error.BasicErrorController.errorHtml(javax.servlet.http.HttpServletRequest,javax.servlet.http.HttpServletResponse)
2020-06-16 21:34:16.363  INFO 11036 --- [restartedMain] o.s.w.s.handler.SimpleUrlHandlerMapping  : Mapped URL path [/webjars/**] onto handler of type [class org.springframework.web.servlet.resource.ResourceHttpRequestHandler]
2020-06-16 21:34:16.363  INFO 11036 --- [restartedMain] o.s.w.s.handler.SimpleUrlHandlerMapping  : Mapped URL path [/**] onto handler of type [class org.springframework.web.servlet.resource.ResourceHttpRequestHandler]
2020-06-16 21:34:16.363  INFO 11036 --- [restartedMain] o.s.w.s.handler.SimpleUrlHandlerMapping  : Mapped URL path [/deal/**] onto handler of type [class org.springframework.web.servlet.resource.ResourceHttpRequestHandler]
2020-06-16 21:34:16.378  INFO 11036 --- [restartedMain] .m.m.a.ExceptionHandlerExceptionResolver : Detected @ExceptionHandler methods in allExceptionHandler
2020-06-16 21:34:16.533  INFO 11036 --- [restartedMain] t.m.m.autoconfigure.MapperCacheDisabler  : Clear tk.mybatis.mapper.util.MsUtil CLASS_CACHE cache.
2020-06-16 21:34:16.534  INFO 11036 --- [restartedMain] t.m.m.autoconfigure.MapperCacheDisabler  : Clear tk.mybatis.mapper.genid.GenIdUtil CACHE cache.
2020-06-16 21:34:16.534  INFO 11036 --- [restartedMain] t.m.m.autoconfigure.MapperCacheDisabler  : Clear tk.mybatis.mapper.version.VersionUtil CACHE cache.
2020-06-16 21:34:16.534  INFO 11036 --- [restartedMain] t.m.m.autoconfigure.MapperCacheDisabler  : Clear EntityHelper entityTableMap cache.
2020-06-16 21:34:16.878  INFO 11036 --- [restartedMain] o.s.w.s.v.f.FreeMarkerConfigurer         : ClassTemplateLoader for Spring macros added to FreeMarker configuration
2020-06-16 21:34:17.132  INFO 11036 --- [restartedMain] o.s.b.d.a.OptionalLiveReloadServer       : LiveReload server is running on port 35729
2020-06-16 21:34:17.170  INFO 11036 --- [restartedMain] o.s.j.e.a.AnnotationMBeanExporter        : Registering beans for JMX exposure on startup
2020-06-16 21:34:17.171  INFO 11036 --- [restartedMain] o.s.j.e.a.AnnotationMBeanExporter        : Bean with name 'dataSource' has been autodetected for JMX exposure
2020-06-16 21:34:17.177  INFO 11036 --- [restartedMain] o.s.j.e.a.AnnotationMBeanExporter        : Located MBean 'dataSource': registering with JMX server as MBean [com.alibaba.druid.pool:name=dataSource,type=DruidDataSource]
2020-06-16 21:34:17.190  INFO 11036 --- [restartedMain] s.a.ScheduledAnnotationBeanPostProcessor : No TaskScheduler/ScheduledExecutorService bean found for scheduled processing
2020-06-16 21:34:17.218  INFO 11036 --- [restartedMain] o.s.b.w.embedded.tomcat.TomcatWebServer  : Tomcat started on port(s): 8800 (http) with context path ''
2020-06-16 21:34:17.223  INFO 11036 --- [restartedMain] com.sht.deal.DealApplication             : Started DealApplication in 5.884 seconds (JVM running for 7.362)
2020-06-16 21:34:20.036  INFO 11036 --- [pool-2-thread-1] com.alibaba.druid.pool.DruidDataSource   : {dataSource-1} inited
2020-06-16 21:34:20.790  INFO 11036 --- [pool-2-thread-1] io.lettuce.core.EpollProvider            : Starting without optional epoll library
2020-06-16 21:34:20.791  INFO 11036 --- [pool-2-thread-1] io.lettuce.core.KqueueProvider           : Starting without optional kqueue library
2020-06-16 21:35:32.452  INFO 11036 --- [http-nio-8800-exec-2] o.a.c.c.C.[Tomcat].[localhost].[/]       : Initializing Spring FrameworkServlet 'dispatcherServlet'
2020-06-16 21:35:32.452  INFO 11036 --- [http-nio-8800-exec-2] o.s.web.servlet.DispatcherServlet        : FrameworkServlet 'dispatcherServlet': initialization started
2020-06-16 21:35:32.470  INFO 11036 --- [http-nio-8800-exec-2] o.s.web.servlet.DispatcherServlet        : FrameworkServlet 'dispatcherServlet': initialization completed in 18 ms
2020-06-16 21:35:32.560  INFO 11036 --- [http-nio-8800-exec-2] com.sht.deal.interceoter.WebLogAspect    : 请求开始时间：2020-06-16T21:35:32.560
2020-06-16 21:35:32.560  INFO 11036 --- [http-nio-8800-exec-2] com.sht.deal.interceoter.WebLogAspect    : 请求Url：/api/user/loginAdmin
2020-06-16 21:35:32.560  INFO 11036 --- [http-nio-8800-exec-2] com.sht.deal.interceoter.WebLogAspect    : 请求方式：POST
2020-06-16 21:35:32.560  INFO 11036 --- [http-nio-8800-exec-2] com.sht.deal.interceoter.WebLogAspect    : 请求ip：0:0:0:0:0:0:0:1
2020-06-16 21:35:32.560  INFO 11036 --- [http-nio-8800-exec-2] com.sht.deal.interceoter.WebLogAspect    : 请求参数：[User(id=null, username=admin, email=null, password=admin, nickname=null, openId=null, intro=null, phone=null, sex=null, img=null, flag=null, code=null, roleList=null)]
2020-06-16 21:35:32.909  INFO 11036 --- [http-nio-8800-exec-2] com.sht.deal.interceoter.WebLogAspect    : 请求结束时间：2020-06-16T21:35:32.909
2020-06-16 21:35:32.910  INFO 11036 --- [http-nio-8800-exec-2] com.sht.deal.interceoter.WebLogAspect    : 请求耗时：352 毫秒
2020-06-16 21:35:32.910  INFO 11036 --- [http-nio-8800-exec-2] com.sht.deal.interceoter.WebLogAspect    : 请求返回：<201 Created,JsonData [code=0, data={user=User(id=5, username=admin, email=78653842@qq.com, password=458eb5565a85eba63612bcbde405d0ed, nickname=Eu_达摩院, openId=null, intro=null, phone=18767854685, sex=管, img=, flag=null, code=null, roleList=null), token=eyJhbGciOiJIUzI1NiJ9.eyJzdWIiOiJzaHREZWFsIiwiaWQiOjUsInVzZXJuYW1lIjoiYWRtaW4iLCJpbWciOiIiLCJpYXQiOjE1OTIzMTQ1MzIsImV4cCI6MTU5MjkxOTMzMn0.BdsXX2_zPa0lBIhZhaDxI9S6JT-FXoAAjq1f9rDKggQ}, msg=登录成功],{}>
2020-06-16 21:35:45.711  INFO 11036 --- [http-nio-8800-exec-3] com.sht.deal.utils.JwtUtils              : 无效的身份信息
2020-06-16 21:36:20.783  INFO 11036 --- [http-nio-8800-exec-4] c.sht.deal.interceoter.LoginIntercepter  : 当前操作的用户：admin
2020-06-16 21:36:20.785  INFO 11036 --- [http-nio-8800-exec-4] com.sht.deal.interceoter.WebLogAspect    : 请求开始时间：2020-06-16T21:36:20.785
2020-06-16 21:36:20.786  INFO 11036 --- [http-nio-8800-exec-4] com.sht.deal.interceoter.WebLogAspect    : 请求Url：/api/token/role/deletePermissionToRole
2020-06-16 21:36:20.786  INFO 11036 --- [http-nio-8800-exec-4] com.sht.deal.interceoter.WebLogAspect    : 请求方式：DELETE
2020-06-16 21:36:20.786  INFO 11036 --- [http-nio-8800-exec-4] com.sht.deal.interceoter.WebLogAspect    : 请求ip：0:0:0:0:0:0:0:1
2020-06-16 21:36:20.786  INFO 11036 --- [http-nio-8800-exec-4] com.sht.deal.interceoter.WebLogAspect    : 请求参数：[1, 12]
2020-06-16 21:36:21.075  INFO 11036 --- [http-nio-8800-exec-4] com.sht.deal.interceoter.WebLogAspect    : 请求结束时间：2020-06-16T21:36:21.075
2020-06-16 21:36:21.076  INFO 11036 --- [http-nio-8800-exec-4] com.sht.deal.interceoter.WebLogAspect    : 请求耗时：290 毫秒
2020-06-16 21:36:21.076  INFO 11036 --- [http-nio-8800-exec-4] com.sht.deal.interceoter.WebLogAspect    : 请求返回：<200 OK,JsonData [code=0, data=null, msg=成功],{}>
2020-06-16 21:59:12.495  INFO 8216 --- [restartedMain] com.sht.deal.DealApplication             : Starting DealApplication on sht with PID 8216 (D:\myProject\deal\target\classes started by SHT in D:\myProject\deal)
2020-06-16 21:59:12.497  INFO 8216 --- [restartedMain] com.sht.deal.DealApplication             : No active profile set, falling back to default profiles: default
2020-06-16 21:59:12.530  INFO 8216 --- [restartedMain] ConfigServletWebServerApplicationContext : Refreshing org.springframework.boot.web.servlet.context.AnnotationConfigServletWebServerApplicationContext@356eb71e: startup date [Tue Jun 16 21:59:12 CST 2020]; root of context hierarchy
2020-06-16 21:59:13.134  WARN 8216 --- [restartedMain] t.m.s.mapper.ClassPathMapperScanner      : No MyBatis mapper was found in '[com.sht.deal]' package. Please check your configuration.
2020-06-16 21:59:13.142  WARN 8216 --- [restartedMain] o.m.s.mapper.ClassPathMapperScanner      : No MyBatis mapper was found in '[com.sht.deal]' package. Please check your configuration.
2020-06-16 21:59:13.174  INFO 8216 --- [restartedMain] .s.d.r.c.RepositoryConfigurationDelegate : Multiple Spring Data modules found, entering strict repository configuration mode!
2020-06-16 21:59:13.534  INFO 8216 --- [restartedMain] trationDelegate$BeanPostProcessorChecker : Bean 'org.springframework.transaction.annotation.ProxyTransactionManagementConfiguration' of type [org.springframework.transaction.annotation.ProxyTransactionManagementConfiguration$$EnhancerBySpringCGLIB$$117ee8e3] is not eligible for getting processed by all BeanPostProcessors (for example: not eligible for auto-proxying)
2020-06-16 21:59:13.613  INFO 8216 --- [restartedMain] trationDelegate$BeanPostProcessorChecker : Bean 'shiroConfig' of type [com.sht.deal.config.ShiroConfig$$EnhancerBySpringCGLIB$$25e8da55] is not eligible for getting processed by all BeanPostProcessors (for example: not eligible for auto-proxying)
2020-06-16 21:59:13.647  INFO 8216 --- [restartedMain] trationDelegate$BeanPostProcessorChecker : Bean 'org.springframework.boot.context.properties.ConversionServiceDeducer$Factory' of type [org.springframework.boot.context.properties.ConversionServiceDeducer$Factory] is not eligible for getting processed by all BeanPostProcessors (for example: not eligible for auto-proxying)
2020-06-16 21:59:13.692  INFO 8216 --- [restartedMain] trationDelegate$BeanPostProcessorChecker : Bean 'mybatis-tk.mybatis.mapper.autoconfigure.MybatisProperties' of type [tk.mybatis.mapper.autoconfigure.MybatisProperties] is not eligible for getting processed by all BeanPostProcessors (for example: not eligible for auto-proxying)
2020-06-16 21:59:13.702  INFO 8216 --- [restartedMain] trationDelegate$BeanPostProcessorChecker : Bean 'tk.mybatis.mapper.autoconfigure.MapperAutoConfiguration' of type [tk.mybatis.mapper.autoconfigure.MapperAutoConfiguration$$EnhancerBySpringCGLIB$$c76f907c] is not eligible for getting processed by all BeanPostProcessors (for example: not eligible for auto-proxying)
2020-06-16 21:59:13.706  INFO 8216 --- [restartedMain] trationDelegate$BeanPostProcessorChecker : Bean 'org.springframework.boot.autoconfigure.jdbc.DataSourceConfiguration$Generic' of type [org.springframework.boot.autoconfigure.jdbc.DataSourceConfiguration$Generic] is not eligible for getting processed by all BeanPostProcessors (for example: not eligible for auto-proxying)
2020-06-16 21:59:13.719  INFO 8216 --- [restartedMain] trationDelegate$BeanPostProcessorChecker : Bean 'spring.datasource-org.springframework.boot.autoconfigure.jdbc.DataSourceProperties' of type [org.springframework.boot.autoconfigure.jdbc.DataSourceProperties] is not eligible for getting processed by all BeanPostProcessors (for example: not eligible for auto-proxying)
2020-06-16 21:59:13.767  INFO 8216 --- [restartedMain] trationDelegate$BeanPostProcessorChecker : Bean 'dataSource' of type [com.alibaba.druid.pool.DruidDataSource] is not eligible for getting processed by all BeanPostProcessors (for example: not eligible for auto-proxying)
2020-06-16 21:59:13.820  INFO 8216 --- [restartedMain] trationDelegate$BeanPostProcessorChecker : Bean 'org.springframework.boot.autoconfigure.jdbc.DataSourceInitializerInvoker' of type [org.springframework.boot.autoconfigure.jdbc.DataSourceInitializerInvoker] is not eligible for getting processed by all BeanPostProcessors (for example: not eligible for auto-proxying)
2020-06-16 21:59:13.828  INFO 8216 --- [restartedMain] trationDelegate$BeanPostProcessorChecker : Bean 'sqlSessionFactory' of type [org.apache.ibatis.session.defaults.DefaultSqlSessionFactory] is not eligible for getting processed by all BeanPostProcessors (for example: not eligible for auto-proxying)
2020-06-16 21:59:13.836  INFO 8216 --- [restartedMain] trationDelegate$BeanPostProcessorChecker : Bean 'sqlSessionTemplate' of type [org.mybatis.spring.SqlSessionTemplate] is not eligible for getting processed by all BeanPostProcessors (for example: not eligible for auto-proxying)
2020-06-16 21:59:13.946  INFO 8216 --- [restartedMain] trationDelegate$BeanPostProcessorChecker : Bean 'userMapper' of type [tk.mybatis.spring.mapper.MapperFactoryBean] is not eligible for getting processed by all BeanPostProcessors (for example: not eligible for auto-proxying)
2020-06-16 21:59:13.950  INFO 8216 --- [restartedMain] trationDelegate$BeanPostProcessorChecker : Bean 'userMapper' of type [com.sun.proxy.$Proxy105] is not eligible for getting processed by all BeanPostProcessors (for example: not eligible for auto-proxying)
2020-06-16 21:59:14.022  INFO 8216 --- [restartedMain] trationDelegate$BeanPostProcessorChecker : Bean 'roleMapper' of type [tk.mybatis.spring.mapper.MapperFactoryBean] is not eligible for getting processed by all BeanPostProcessors (for example: not eligible for auto-proxying)
2020-06-16 21:59:14.024  INFO 8216 --- [restartedMain] trationDelegate$BeanPostProcessorChecker : Bean 'roleMapper' of type [com.sun.proxy.$Proxy106] is not eligible for getting processed by all BeanPostProcessors (for example: not eligible for auto-proxying)
2020-06-16 21:59:14.072  INFO 8216 --- [restartedMain] trationDelegate$BeanPostProcessorChecker : Bean 'permissionMapper' of type [tk.mybatis.spring.mapper.MapperFactoryBean] is not eligible for getting processed by all BeanPostProcessors (for example: not eligible for auto-proxying)
2020-06-16 21:59:14.074  INFO 8216 --- [restartedMain] trationDelegate$BeanPostProcessorChecker : Bean 'permissionMapper' of type [com.sun.proxy.$Proxy107] is not eligible for getting processed by all BeanPostProcessors (for example: not eligible for auto-proxying)
2020-06-16 21:59:14.084  INFO 8216 --- [restartedMain] trationDelegate$BeanPostProcessorChecker : Bean 'permissionService' of type [com.sht.deal.service.PermissionService] is not eligible for getting processed by all BeanPostProcessors (for example: not eligible for auto-proxying)
2020-06-16 21:59:14.097  INFO 8216 --- [restartedMain] trationDelegate$BeanPostProcessorChecker : Bean 'roleService' of type [com.sht.deal.service.RoleService] is not eligible for getting processed by all BeanPostProcessors (for example: not eligible for auto-proxying)
2020-06-16 21:59:14.103  INFO 8216 --- [restartedMain] trationDelegate$BeanPostProcessorChecker : Bean 'org.springframework.boot.autoconfigure.data.redis.RedisAutoConfiguration' of type [org.springframework.boot.autoconfigure.data.redis.RedisAutoConfiguration$$EnhancerBySpringCGLIB$$716141f] is not eligible for getting processed by all BeanPostProcessors (for example: not eligible for auto-proxying)
2020-06-16 21:59:14.111  INFO 8216 --- [restartedMain] trationDelegate$BeanPostProcessorChecker : Bean 'spring.redis-org.springframework.boot.autoconfigure.data.redis.RedisProperties' of type [org.springframework.boot.autoconfigure.data.redis.RedisProperties] is not eligible for getting processed by all BeanPostProcessors (for example: not eligible for auto-proxying)
2020-06-16 21:59:14.118  INFO 8216 --- [restartedMain] trationDelegate$BeanPostProcessorChecker : Bean 'org.springframework.boot.autoconfigure.data.redis.LettuceConnectionConfiguration' of type [org.springframework.boot.autoconfigure.data.redis.LettuceConnectionConfiguration$$EnhancerBySpringCGLIB$$2698a72d] is not eligible for getting processed by all BeanPostProcessors (for example: not eligible for auto-proxying)
2020-06-16 21:59:14.234  INFO 8216 --- [restartedMain] trationDelegate$BeanPostProcessorChecker : Bean 'lettuceClientResources' of type [io.lettuce.core.resource.DefaultClientResources] is not eligible for getting processed by all BeanPostProcessors (for example: not eligible for auto-proxying)
2020-06-16 21:59:14.282  INFO 8216 --- [restartedMain] trationDelegate$BeanPostProcessorChecker : Bean 'redisConnectionFactory' of type [org.springframework.data.redis.connection.lettuce.LettuceConnectionFactory] is not eligible for getting processed by all BeanPostProcessors (for example: not eligible for auto-proxying)
2020-06-16 21:59:14.302  INFO 8216 --- [restartedMain] trationDelegate$BeanPostProcessorChecker : Bean 'stringRedisTemplate' of type [org.springframework.data.redis.core.StringRedisTemplate] is not eligible for getting processed by all BeanPostProcessors (for example: not eligible for auto-proxying)
2020-06-16 21:59:14.353  INFO 8216 --- [restartedMain] trationDelegate$BeanPostProcessorChecker : Bean 'fansMapper' of type [tk.mybatis.spring.mapper.MapperFactoryBean] is not eligible for getting processed by all BeanPostProcessors (for example: not eligible for auto-proxying)
2020-06-16 21:59:14.354  INFO 8216 --- [restartedMain] trationDelegate$BeanPostProcessorChecker : Bean 'fansMapper' of type [com.sun.proxy.$Proxy108] is not eligible for getting processed by all BeanPostProcessors (for example: not eligible for auto-proxying)
2020-06-16 21:59:14.374  INFO 8216 --- [restartedMain] trationDelegate$BeanPostProcessorChecker : Bean 'fansService' of type [com.sht.deal.service.FansService] is not eligible for getting processed by all BeanPostProcessors (for example: not eligible for auto-proxying)
2020-06-16 21:59:14.378  INFO 8216 --- [restartedMain] trationDelegate$BeanPostProcessorChecker : Bean 'uploadService' of type [com.sht.deal.service.UploadService] is not eligible for getting processed by all BeanPostProcessors (for example: not eligible for auto-proxying)
2020-06-16 21:59:14.381  INFO 8216 --- [restartedMain] trationDelegate$BeanPostProcessorChecker : Bean 'userService' of type [com.sht.deal.service.UserService] is not eligible for getting processed by all BeanPostProcessors (for example: not eligible for auto-proxying)
2020-06-16 21:59:14.381  INFO 8216 --- [restartedMain] trationDelegate$BeanPostProcessorChecker : Bean 'userRealm' of type [com.sht.deal.config.UserRealm] is not eligible for getting processed by all BeanPostProcessors (for example: not eligible for auto-proxying)
2020-06-16 21:59:14.651  INFO 8216 --- [restartedMain] trationDelegate$BeanPostProcessorChecker : Bean 'rememberMeCookie' of type [org.apache.shiro.web.servlet.SimpleCookie] is not eligible for getting processed by all BeanPostProcessors (for example: not eligible for auto-proxying)
2020-06-16 21:59:14.656  INFO 8216 --- [restartedMain] trationDelegate$BeanPostProcessorChecker : Bean 'rememberMeManager' of type [org.apache.shiro.web.mgt.CookieRememberMeManager] is not eligible for getting processed by all BeanPostProcessors (for example: not eligible for auto-proxying)
2020-06-16 21:59:14.664  INFO 8216 --- [restartedMain] trationDelegate$BeanPostProcessorChecker : Bean 'securityManager' of type [org.apache.shiro.web.mgt.DefaultWebSecurityManager] is not eligible for getting processed by all BeanPostProcessors (for example: not eligible for auto-proxying)
2020-06-16 21:59:14.975  INFO 8216 --- [restartedMain] o.s.b.w.embedded.tomcat.TomcatWebServer  : Tomcat initialized with port(s): 8800 (http)
2020-06-16 21:59:14.990  INFO 8216 --- [restartedMain] o.apache.catalina.core.StandardService   : Starting service [Tomcat]
2020-06-16 21:59:14.991  INFO 8216 --- [restartedMain] org.apache.catalina.core.StandardEngine  : Starting Servlet Engine: Apache Tomcat/8.5.32
2020-06-16 21:59:14.993  INFO 8216 --- [localhost-startStop-1] o.a.catalina.core.AprLifecycleListener   : The APR based Apache Tomcat Native library which allows optimal performance in production environments was not found on the java.library.path: [C:\Program Files\Java\jdk1.8.0_131\bin;C:\WINDOWS\Sun\Java\bin;C:\WINDOWS\system32;C:\WINDOWS;C:\Program Files (x86)\Common Files\Oracle\Java\javapath;C:\ProgramData\Oracle\Java\javapath;C:\WINDOWS\system32;C:\WINDOWS;C:\WINDOWS\System32\Wbem;C:\WINDOWS\System32\WindowsPowerShell\v1.0\;C:\Program Files\Java\jdk1.8.0_131\bin;"E:\Maven\apache-maven-3.5.4\bin;";"E:\nodejs\;";C:\Program Files\MySQL\MySQL Server 8.0\bin;E:\IDEA 2018.3.5\Git\Git\cmd;E:\IDEA 2018.3.5\Git\Git\bin;E:\android\Android\Sdk\platform-tools;E:\gradle\gradle-5.6-rc-1\bin;E:\nodejs\;C:\Users\SHT\AppData\Local\Microsoft\WindowsApps;;D:\Program Files\JetBrains\IntelliJ IDEA 2020.1\bin;;C:\Users\SHT\AppData\Roaming\npm;D:\Program Files\Bandizip\;.]
2020-06-16 21:59:15.073  INFO 8216 --- [localhost-startStop-1] o.a.c.c.C.[Tomcat].[localhost].[/]       : Initializing Spring embedded WebApplicationContext
2020-06-16 21:59:15.073  INFO 8216 --- [localhost-startStop-1] o.s.web.context.ContextLoader            : Root WebApplicationContext: initialization completed in 2544 ms
2020-06-16 21:59:15.154  INFO 8216 --- [localhost-startStop-1] o.s.b.w.servlet.ServletRegistrationBean  : Servlet dispatcherServlet mapped to [/]
2020-06-16 21:59:15.157  INFO 8216 --- [localhost-startStop-1] o.s.b.w.servlet.FilterRegistrationBean   : Mapping filter: 'characterEncodingFilter' to: [/*]
2020-06-16 21:59:15.157  INFO 8216 --- [localhost-startStop-1] o.s.b.w.servlet.FilterRegistrationBean   : Mapping filter: 'hiddenHttpMethodFilter' to: [/*]
2020-06-16 21:59:15.157  INFO 8216 --- [localhost-startStop-1] o.s.b.w.servlet.FilterRegistrationBean   : Mapping filter: 'httpPutFormContentFilter' to: [/*]
2020-06-16 21:59:15.157  INFO 8216 --- [localhost-startStop-1] o.s.b.w.servlet.FilterRegistrationBean   : Mapping filter: 'requestContextFilter' to: [/*]
2020-06-16 21:59:15.157  INFO 8216 --- [localhost-startStop-1] o.s.b.w.servlet.FilterRegistrationBean   : Mapping filter: 'getShiroFilterFactoryBean' to: [/*]
2020-06-16 21:59:15.611  INFO 8216 --- [restartedMain] o.s.w.s.handler.SimpleUrlHandlerMapping  : Mapped URL path [/**/favicon.ico] onto handler of type [class org.springframework.web.servlet.resource.ResourceHttpRequestHandler]
2020-06-16 21:59:15.871  INFO 8216 --- [restartedMain] s.w.s.m.m.a.RequestMappingHandlerAdapter : Looking for @ControllerAdvice: org.springframework.boot.web.servlet.context.AnnotationConfigServletWebServerApplicationContext@356eb71e: startup date [Tue Jun 16 21:59:12 CST 2020]; root of context hierarchy
2020-06-16 21:59:15.931  INFO 8216 --- [restartedMain] s.w.s.m.m.a.RequestMappingHandlerMapping : Mapped "{[/api/token/buy/add],methods=[POST]}" onto public org.springframework.http.ResponseEntity com.sht.deal.controller.BuyController.add(com.sht.deal.domain.Buy) throws java.lang.Exception
2020-06-16 21:59:15.932  INFO 8216 --- [restartedMain] s.w.s.m.m.a.RequestMappingHandlerMapping : Mapped "{[/api/token/buy/update],methods=[PUT]}" onto public org.springframework.http.ResponseEntity com.sht.deal.controller.BuyController.update(com.sht.deal.domain.Buy) throws java.lang.Exception
2020-06-16 21:59:15.932  INFO 8216 --- [restartedMain] s.w.s.m.m.a.RequestMappingHandlerMapping : Mapped "{[/api/token/buy/delete],methods=[DELETE]}" onto public org.springframework.http.ResponseEntity com.sht.deal.controller.BuyController.delete(java.lang.Integer)
2020-06-16 21:59:15.932  INFO 8216 --- [restartedMain] s.w.s.m.m.a.RequestMappingHandlerMapping : Mapped "{[/api/token/buy/findByPage],methods=[GET]}" onto public org.springframework.http.ResponseEntity<com.sht.deal.utils.PageResult<com.sht.deal.domain.Buy>> com.sht.deal.controller.BuyController.findByPage(java.lang.Integer,java.lang.String,java.lang.Integer,java.lang.Integer)
2020-06-16 21:59:15.932  INFO 8216 --- [restartedMain] s.w.s.m.m.a.RequestMappingHandlerMapping : Mapped "{[/api/token/buy/findByLike],methods=[GET]}" onto public org.springframework.http.ResponseEntity com.sht.deal.controller.BuyController.findByLike(java.lang.String,java.lang.Integer,java.lang.Integer)
2020-06-16 21:59:15.934  INFO 8216 --- [restartedMain] s.w.s.m.m.a.RequestMappingHandlerMapping : Mapped "{[/api/classify1/add],methods=[POST]}" onto public org.springframework.http.ResponseEntity com.sht.deal.controller.Classify1Controller.add(com.sht.deal.domain.Classify1)
2020-06-16 21:59:15.934  INFO 8216 --- [restartedMain] s.w.s.m.m.a.RequestMappingHandlerMapping : Mapped "{[/api/classify1/update],methods=[PUT]}" onto public org.springframework.http.ResponseEntity com.sht.deal.controller.Classify1Controller.update(com.sht.deal.domain.Classify1)
2020-06-16 21:59:15.935  INFO 8216 --- [restartedMain] s.w.s.m.m.a.RequestMappingHandlerMapping : Mapped "{[/api/classify1/delete],methods=[GET]}" onto public org.springframework.http.ResponseEntity com.sht.deal.controller.Classify1Controller.delete(java.lang.Integer)
2020-06-16 21:59:15.935  INFO 8216 --- [restartedMain] s.w.s.m.m.a.RequestMappingHandlerMapping : Mapped "{[/api/classify1/findAll],methods=[GET]}" onto public org.springframework.http.ResponseEntity<java.util.List<com.sht.deal.domain.Classify1>> com.sht.deal.controller.Classify1Controller.findAll()
2020-06-16 21:59:15.935  INFO 8216 --- [restartedMain] s.w.s.m.m.a.RequestMappingHandlerMapping : Mapped "{[/api/classify1/findById],methods=[GET]}" onto public org.springframework.http.ResponseEntity<com.sht.deal.domain.Classify1> com.sht.deal.controller.Classify1Controller.findById(java.lang.Integer)
2020-06-16 21:59:15.935  INFO 8216 --- [restartedMain] s.w.s.m.m.a.RequestMappingHandlerMapping : Mapped "{[/api/classify1/findClassify1],methods=[GET]}" onto public org.springframework.http.ResponseEntity<java.util.List<com.sht.deal.domain.Classify1>> com.sht.deal.controller.Classify1Controller.findClassify1()
2020-06-16 21:59:15.936  INFO 8216 --- [restartedMain] s.w.s.m.m.a.RequestMappingHandlerMapping : Mapped "{[/api/classify1/findChildById],methods=[GET]}" onto public org.springframework.http.ResponseEntity<java.util.List<com.sht.deal.domain.Classify2>> com.sht.deal.controller.Classify1Controller.findChildById(java.lang.Integer) throws java.lang.Exception
2020-06-16 21:59:15.936  INFO 8216 --- [restartedMain] s.w.s.m.m.a.RequestMappingHandlerMapping : Mapped "{[/api/classify2/add],methods=[POST]}" onto public org.springframework.http.ResponseEntity com.sht.deal.controller.Classify2Controller.add(com.sht.deal.domain.Classify2)
2020-06-16 21:59:15.937  INFO 8216 --- [restartedMain] s.w.s.m.m.a.RequestMappingHandlerMapping : Mapped "{[/api/classify2/update],methods=[PUT]}" onto public org.springframework.http.ResponseEntity com.sht.deal.controller.Classify2Controller.update(com.sht.deal.domain.Classify2)
2020-06-16 21:59:15.937  INFO 8216 --- [restartedMain] s.w.s.m.m.a.RequestMappingHandlerMapping : Mapped "{[/api/classify2/delete],methods=[GET]}" onto public org.springframework.http.ResponseEntity com.sht.deal.controller.Classify2Controller.delete(java.lang.Integer)
2020-06-16 21:59:15.937  INFO 8216 --- [restartedMain] s.w.s.m.m.a.RequestMappingHandlerMapping : Mapped "{[/api/token/collect/delete],methods=[DELETE]}" onto public org.springframework.http.ResponseEntity com.sht.deal.controller.CollectController.delete(java.lang.Integer[])
2020-06-16 21:59:15.938  INFO 8216 --- [restartedMain] s.w.s.m.m.a.RequestMappingHandlerMapping : Mapped "{[/api/token/collect/save],methods=[POST]}" onto public org.springframework.http.ResponseEntity com.sht.deal.controller.CollectController.save(com.sht.deal.domain.Collect)
2020-06-16 21:59:15.938  INFO 8216 --- [restartedMain] s.w.s.m.m.a.RequestMappingHandlerMapping : Mapped "{[/api/token/collect/findByUser],methods=[GET]}" onto public org.springframework.http.ResponseEntity com.sht.deal.controller.CollectController.findByUser(java.lang.Integer,java.lang.Integer,java.lang.Integer)
2020-06-16 21:59:15.938  INFO 8216 --- [restartedMain] s.w.s.m.m.a.RequestMappingHandlerMapping : Mapped "{[/api/token/comment/delete],methods=[DELETE]}" onto public org.springframework.http.ResponseEntity com.sht.deal.controller.CommentController.delete(java.lang.Integer)
2020-06-16 21:59:15.938  INFO 8216 --- [restartedMain] s.w.s.m.m.a.RequestMappingHandlerMapping : Mapped "{[/api/token/comment/save],methods=[POST]}" onto public org.springframework.http.ResponseEntity com.sht.deal.controller.CommentController.save(com.sht.deal.domain.Comment) throws java.lang.Exception
2020-06-16 21:59:15.939  INFO 8216 --- [restartedMain] s.w.s.m.m.a.RequestMappingHandlerMapping : Mapped "{[/api/token/fans/delete],methods=[DELETE]}" onto public org.springframework.http.ResponseEntity com.sht.deal.controller.FansController.delete(java.lang.Integer)
2020-06-16 21:59:15.939  INFO 8216 --- [restartedMain] s.w.s.m.m.a.RequestMappingHandlerMapping : Mapped "{[/api/token/fans/save],methods=[POST]}" onto public org.springframework.http.ResponseEntity com.sht.deal.controller.FansController.save(com.sht.deal.domain.Fans)
2020-06-16 21:59:15.940  INFO 8216 --- [restartedMain] s.w.s.m.m.a.RequestMappingHandlerMapping : Mapped "{[/api/token/fans/findFansToUser],methods=[GET]}" onto public org.springframework.http.ResponseEntity com.sht.deal.controller.FansController.findFansToUser(java.lang.Integer,java.lang.Integer,java.lang.Integer,java.lang.Integer)
2020-06-16 21:59:15.940  INFO 8216 --- [restartedMain] s.w.s.m.m.a.RequestMappingHandlerMapping : Mapped "{[/api/token/fans/checkFans],methods=[GET]}" onto public org.springframework.http.ResponseEntity com.sht.deal.controller.FansController.checkFans(java.lang.Integer,java.lang.Integer)
2020-06-16 21:59:15.940  INFO 8216 --- [restartedMain] s.w.s.m.m.a.RequestMappingHandlerMapping : Mapped "{[/api/goods/add],methods=[POST]}" onto public org.springframework.http.ResponseEntity com.sht.deal.controller.GoodsController.add(com.sht.deal.domain.Goods) throws java.lang.Exception
2020-06-16 21:59:15.941  INFO 8216 --- [restartedMain] s.w.s.m.m.a.RequestMappingHandlerMapping : Mapped "{[/api/goods/update],methods=[PUT]}" onto public org.springframework.http.ResponseEntity com.sht.deal.controller.GoodsController.update(com.sht.deal.domain.Goods) throws java.lang.Exception
2020-06-16 21:59:15.941  INFO 8216 --- [restartedMain] s.w.s.m.m.a.RequestMappingHandlerMapping : Mapped "{[/api/goods/findById],methods=[GET]}" onto public org.springframework.http.ResponseEntity<com.sht.deal.domain.Goods> com.sht.deal.controller.GoodsController.findById(java.lang.Integer,java.lang.Integer) throws java.lang.Exception
2020-06-16 21:59:15.941  INFO 8216 --- [restartedMain] s.w.s.m.m.a.RequestMappingHandlerMapping : Mapped "{[/api/goods/findByPage],methods=[GET]}" onto public org.springframework.http.ResponseEntity<com.sht.deal.utils.PageResult<com.sht.deal.domain.Goods>> com.sht.deal.controller.GoodsController.findByPage(java.lang.Integer,java.lang.Integer,java.lang.String,java.lang.Integer,java.lang.String,java.lang.Integer,java.lang.Integer)
2020-06-16 21:59:15.941  INFO 8216 --- [restartedMain] s.w.s.m.m.a.RequestMappingHandlerMapping : Mapped "{[/api/goods/deleteGoods],methods=[GET]}" onto public org.springframework.http.ResponseEntity com.sht.deal.controller.GoodsController.deleteGoods(java.lang.Integer)
2020-06-16 21:59:15.942  INFO 8216 --- [restartedMain] s.w.s.m.m.a.RequestMappingHandlerMapping : Mapped "{[/api/token/like/save],methods=[POST]}" onto public org.springframework.http.ResponseEntity com.sht.deal.controller.LikeController.save(java.util.Map)
2020-06-16 21:59:15.942  INFO 8216 --- [restartedMain] s.w.s.m.m.a.RequestMappingHandlerMapping : Mapped "{[/api/token/permission/delete],methods=[DELETE]}" onto public org.springframework.http.ResponseEntity com.sht.deal.controller.PermissionController.delete(java.lang.Integer[])
2020-06-16 21:59:15.942  INFO 8216 --- [restartedMain] s.w.s.m.m.a.RequestMappingHandlerMapping : Mapped "{[/api/token/permission/save],methods=[POST]}" onto public org.springframework.http.ResponseEntity com.sht.deal.controller.PermissionController.save(com.sht.deal.domain.Permission)
2020-06-16 21:59:15.943  INFO 8216 --- [restartedMain] s.w.s.m.m.a.RequestMappingHandlerMapping : Mapped "{[/api/token/permission/findByPage],methods=[GET]}" onto public org.springframework.http.ResponseEntity<com.sht.deal.utils.PageResult<com.sht.deal.domain.Permission>> com.sht.deal.controller.PermissionController.findByPage(java.lang.Integer,java.lang.Integer)
2020-06-16 21:59:15.944  INFO 8216 --- [restartedMain] s.w.s.m.m.a.RequestMappingHandlerMapping : Mapped "{[/api/token/reply/delete],methods=[DELETE]}" onto public org.springframework.http.ResponseEntity com.sht.deal.controller.ReplyController.delete(java.lang.Integer)
2020-06-16 21:59:15.945  INFO 8216 --- [restartedMain] s.w.s.m.m.a.RequestMappingHandlerMapping : Mapped "{[/api/token/reply/save],methods=[POST]}" onto public org.springframework.http.ResponseEntity com.sht.deal.controller.ReplyController.save(com.sht.deal.domain.Reply) throws java.lang.Exception
2020-06-16 21:59:15.945  INFO 8216 --- [restartedMain] s.w.s.m.m.a.RequestMappingHandlerMapping : Mapped "{[/api/token/reply/findAllByUser],methods=[GET]}" onto public org.springframework.http.ResponseEntity<com.sht.deal.utils.JsonData> com.sht.deal.controller.ReplyController.findAllByUser(java.lang.Integer)
2020-06-16 21:59:15.946  INFO 8216 --- [restartedMain] s.w.s.m.m.a.RequestMappingHandlerMapping : Mapped "{[/api/token/role/delete],methods=[DELETE]}" onto public org.springframework.http.ResponseEntity com.sht.deal.controller.RoleController.delete(java.lang.Integer[])
2020-06-16 21:59:15.946  INFO 8216 --- [restartedMain] s.w.s.m.m.a.RequestMappingHandlerMapping : Mapped "{[/api/token/role/save],methods=[POST]}" onto public org.springframework.http.ResponseEntity com.sht.deal.controller.RoleController.save(com.sht.deal.domain.Role)
2020-06-16 21:59:15.946  INFO 8216 --- [restartedMain] s.w.s.m.m.a.RequestMappingHandlerMapping : Mapped "{[/api/token/role/findOtherPermission],methods=[GET]}" onto public org.springframework.http.ResponseEntity<java.util.List<com.sht.deal.domain.Permission>> com.sht.deal.controller.RoleController.findOtherPermission(java.lang.Integer)
2020-06-16 21:59:15.947  INFO 8216 --- [restartedMain] s.w.s.m.m.a.RequestMappingHandlerMapping : Mapped "{[/api/token/role/addPermissionByRoleId],methods=[POST]}" onto public org.springframework.http.ResponseEntity com.sht.deal.controller.RoleController.addPermissionByRoleId(com.sht.deal.domain.Middle)
2020-06-16 21:59:15.948  INFO 8216 --- [restartedMain] s.w.s.m.m.a.RequestMappingHandlerMapping : Mapped "{[/api/token/role/deletePermissionToRole],methods=[DELETE]}" onto public org.springframework.http.ResponseEntity com.sht.deal.controller.RoleController.deletePermissionToRole(java.lang.Integer,java.lang.String)
2020-06-16 21:59:15.948  INFO 8216 --- [restartedMain] s.w.s.m.m.a.RequestMappingHandlerMapping : Mapped "{[/api/token/role/findById],methods=[GET]}" onto public org.springframework.http.ResponseEntity<com.sht.deal.domain.Role> com.sht.deal.controller.RoleController.findById(java.lang.Integer)
2020-06-16 21:59:15.948  INFO 8216 --- [restartedMain] s.w.s.m.m.a.RequestMappingHandlerMapping : Mapped "{[/api/token/role/findByPage],methods=[GET]}" onto public org.springframework.http.ResponseEntity<com.sht.deal.utils.PageResult<com.sht.deal.domain.Role>> com.sht.deal.controller.RoleController.findByPage(java.lang.Integer,java.lang.Integer)
2020-06-16 21:59:15.949  INFO 8216 --- [restartedMain] s.w.s.m.m.a.RequestMappingHandlerMapping : Mapped "{[/api/upload/image],methods=[POST]}" onto public org.springframework.http.ResponseEntity com.sht.deal.controller.UploadController.uploadImage(org.springframework.web.multipart.MultipartFile[],java.lang.String)
2020-06-16 21:59:15.949  INFO 8216 --- [restartedMain] s.w.s.m.m.a.RequestMappingHandlerMapping : Mapped "{[/api/upload/deleteImage],methods=[POST]}" onto public org.springframework.http.ResponseEntity com.sht.deal.controller.UploadController.delFile(java.lang.String)
2020-06-16 21:59:15.953  INFO 8216 --- [restartedMain] s.w.s.m.m.a.RequestMappingHandlerMapping : Mapped "{[/api/user/update],methods=[PUT]}" onto public org.springframework.http.ResponseEntity com.sht.deal.controller.UserController.update(com.sht.deal.domain.User) throws java.lang.Exception
2020-06-16 21:59:15.954  INFO 8216 --- [restartedMain] s.w.s.m.m.a.RequestMappingHandlerMapping : Mapped "{[/api/user/getMessage],methods=[GET]}" onto public org.springframework.http.ResponseEntity com.sht.deal.controller.UserController.getMessage(java.lang.Integer)
2020-06-16 21:59:15.954  INFO 8216 --- [restartedMain] s.w.s.m.m.a.RequestMappingHandlerMapping : Mapped "{[/api/user/delete],methods=[DELETE]}" onto public org.springframework.http.ResponseEntity com.sht.deal.controller.UserController.delete(java.lang.Integer[])
2020-06-16 21:59:15.954  INFO 8216 --- [restartedMain] s.w.s.m.m.a.RequestMappingHandlerMapping : Mapped "{[/api/user/save],methods=[POST]}" onto public org.springframework.http.ResponseEntity com.sht.deal.controller.UserController.save(com.sht.deal.domain.User) throws java.lang.Exception
2020-06-16 21:59:15.954  INFO 8216 --- [restartedMain] s.w.s.m.m.a.RequestMappingHandlerMapping : Mapped "{[/api/user/qqCallBack],methods=[GET]}" onto public java.lang.String com.sht.deal.controller.UserController.callback(javax.servlet.http.HttpServletRequest,org.springframework.ui.ModelMap)
2020-06-16 21:59:15.954  INFO 8216 --- [restartedMain] s.w.s.m.m.a.RequestMappingHandlerMapping : Mapped "{[/api/user/getEmailCode],methods=[GET]}" onto public org.springframework.http.ResponseEntity com.sht.deal.controller.UserController.sendRegisterEmailCode(java.lang.String,java.lang.String) throws java.lang.Exception
2020-06-16 21:59:15.955  INFO 8216 --- [restartedMain] s.w.s.m.m.a.RequestMappingHandlerMapping : Mapped "{[/api/user/findAll],methods=[GET]}" onto public org.springframework.http.ResponseEntity<com.sht.deal.utils.PageResult<com.sht.deal.domain.User>> com.sht.deal.controller.UserController.findAll(java.lang.String,java.lang.Integer,java.lang.Integer)
2020-06-16 21:59:15.955  INFO 8216 --- [restartedMain] s.w.s.m.m.a.RequestMappingHandlerMapping : Mapped "{[/api/user/findById],methods=[GET]}" onto public org.springframework.http.ResponseEntity com.sht.deal.controller.UserController.findById(java.lang.Integer)
2020-06-16 21:59:15.955  INFO 8216 --- [restartedMain] s.w.s.m.m.a.RequestMappingHandlerMapping : Mapped "{[/api/user/login],methods=[POST]}" onto public org.springframework.http.ResponseEntity<java.util.Map> com.sht.deal.controller.UserController.login(com.sht.deal.domain.User)
2020-06-16 21:59:15.955  INFO 8216 --- [restartedMain] s.w.s.m.m.a.RequestMappingHandlerMapping : Mapped "{[/api/user/loginAdmin],methods=[POST]}" onto public org.springframework.http.ResponseEntity<java.util.Map> com.sht.deal.controller.UserController.loginAdmin(com.sht.deal.domain.User)
2020-06-16 21:59:15.955  INFO 8216 --- [restartedMain] s.w.s.m.m.a.RequestMappingHandlerMapping : Mapped "{[/api/user/updateImg],methods=[PUT]}" onto public org.springframework.http.ResponseEntity com.sht.deal.controller.UserController.updateImg(com.sht.deal.domain.User) throws java.lang.Exception
2020-06-16 21:59:15.955  INFO 8216 --- [restartedMain] s.w.s.m.m.a.RequestMappingHandlerMapping : Mapped "{[/api/user/registerAndLogin],methods=[GET]}" onto public org.springframework.http.ResponseEntity com.sht.deal.controller.UserController.registerAndLogin(java.lang.String,java.lang.String)
2020-06-16 21:59:15.956  INFO 8216 --- [restartedMain] s.w.s.m.m.a.RequestMappingHandlerMapping : Mapped "{[/api/user/qqLogin],methods=[GET]}" onto public void com.sht.deal.controller.UserController.qqLogin(javax.servlet.http.HttpSession,javax.servlet.http.HttpServletResponse)
2020-06-16 21:59:15.956  INFO 8216 --- [restartedMain] s.w.s.m.m.a.RequestMappingHandlerMapping : Mapped "{[/api/user/updateName],methods=[PUT]}" onto public org.springframework.http.ResponseEntity com.sht.deal.controller.UserController.updateName(com.sht.deal.domain.User) throws java.lang.Exception
2020-06-16 21:59:15.956  INFO 8216 --- [restartedMain] s.w.s.m.m.a.RequestMappingHandlerMapping : Mapped "{[/api/user/changePassword],methods=[POST]}" onto public org.springframework.http.ResponseEntity com.sht.deal.controller.UserController.changePassword(com.sht.deal.domain.User) throws java.lang.Exception
2020-06-16 21:59:15.956  INFO 8216 --- [restartedMain] s.w.s.m.m.a.RequestMappingHandlerMapping : Mapped "{[/api/user/saveAdmin],methods=[POST]}" onto public org.springframework.http.ResponseEntity com.sht.deal.controller.UserController.saveAdmin(com.sht.deal.domain.User) throws java.lang.Exception
2020-06-16 21:59:15.956  INFO 8216 --- [restartedMain] s.w.s.m.m.a.RequestMappingHandlerMapping : Mapped "{[/api/user/findOtherRoles],methods=[GET]}" onto public org.springframework.http.ResponseEntity<java.util.List<com.sht.deal.domain.Role>> com.sht.deal.controller.UserController.findOtherRoles(java.lang.Integer)
2020-06-16 21:59:15.957  INFO 8216 --- [restartedMain] s.w.s.m.m.a.RequestMappingHandlerMapping : Mapped "{[/api/user/findRoleById],methods=[GET]}" onto public org.springframework.http.ResponseEntity com.sht.deal.controller.UserController.findRoleById(java.lang.Integer)
2020-06-16 21:59:15.957  INFO 8216 --- [restartedMain] s.w.s.m.m.a.RequestMappingHandlerMapping : Mapped "{[/api/user/addRoleToUser],methods=[POST]}" onto public org.springframework.http.ResponseEntity com.sht.deal.controller.UserController.addRoleToUser(com.sht.deal.domain.Middle)
2020-06-16 21:59:15.957  INFO 8216 --- [restartedMain] s.w.s.m.m.a.RequestMappingHandlerMapping : Mapped "{[/api/user/to_qq],methods=[GET]}" onto public void com.sht.deal.controller.UserController.toLogin(javax.servlet.http.HttpServletRequest,javax.servlet.http.HttpServletResponse)
2020-06-16 21:59:15.957  INFO 8216 --- [restartedMain] s.w.s.m.m.a.RequestMappingHandlerMapping : Mapped "{[/api/user/deleteRoleToUser],methods=[DELETE]}" onto public org.springframework.http.ResponseEntity<com.sht.deal.utils.JsonData> com.sht.deal.controller.UserController.deleteRoleToUser(java.lang.Integer,java.lang.String)
2020-06-16 21:59:15.958  INFO 8216 --- [restartedMain] s.w.s.m.m.a.RequestMappingHandlerMapping : Mapped "{[/api/user/authorError],methods=[GET]}" onto public org.springframework.http.ResponseEntity com.sht.deal.controller.UserController.authError(java.lang.Integer)
2020-06-16 21:59:15.961  INFO 8216 --- [restartedMain] s.w.s.m.m.a.RequestMappingHandlerMapping : Mapped "{[/error]}" onto public org.springframework.http.ResponseEntity<java.util.Map<java.lang.String, java.lang.Object>> org.springframework.boot.autoconfigure.web.servlet.error.BasicErrorController.error(javax.servlet.http.HttpServletRequest)
2020-06-16 21:59:15.962  INFO 8216 --- [restartedMain] s.w.s.m.m.a.RequestMappingHandlerMapping : Mapped "{[/error],produces=[text/html]}" onto public org.springframework.web.servlet.ModelAndView org.springframework.boot.autoconfigure.web.servlet.error.BasicErrorController.errorHtml(javax.servlet.http.HttpServletRequest,javax.servlet.http.HttpServletResponse)
2020-06-16 21:59:15.992  INFO 8216 --- [restartedMain] o.s.w.s.handler.SimpleUrlHandlerMapping  : Mapped URL path [/webjars/**] onto handler of type [class org.springframework.web.servlet.resource.ResourceHttpRequestHandler]
2020-06-16 21:59:15.992  INFO 8216 --- [restartedMain] o.s.w.s.handler.SimpleUrlHandlerMapping  : Mapped URL path [/**] onto handler of type [class org.springframework.web.servlet.resource.ResourceHttpRequestHandler]
2020-06-16 21:59:15.992  INFO 8216 --- [restartedMain] o.s.w.s.handler.SimpleUrlHandlerMapping  : Mapped URL path [/deal/**] onto handler of type [class org.springframework.web.servlet.resource.ResourceHttpRequestHandler]
2020-06-16 21:59:16.005  INFO 8216 --- [restartedMain] .m.m.a.ExceptionHandlerExceptionResolver : Detected @ExceptionHandler methods in allExceptionHandler
2020-06-16 21:59:16.133  INFO 8216 --- [restartedMain] t.m.m.autoconfigure.MapperCacheDisabler  : Clear tk.mybatis.mapper.util.MsUtil CLASS_CACHE cache.
2020-06-16 21:59:16.134  INFO 8216 --- [restartedMain] t.m.m.autoconfigure.MapperCacheDisabler  : Clear tk.mybatis.mapper.genid.GenIdUtil CACHE cache.
2020-06-16 21:59:16.134  INFO 8216 --- [restartedMain] t.m.m.autoconfigure.MapperCacheDisabler  : Clear tk.mybatis.mapper.version.VersionUtil CACHE cache.
2020-06-16 21:59:16.134  INFO 8216 --- [restartedMain] t.m.m.autoconfigure.MapperCacheDisabler  : Clear EntityHelper entityTableMap cache.
2020-06-16 21:59:16.425  INFO 8216 --- [restartedMain] o.s.w.s.v.f.FreeMarkerConfigurer         : ClassTemplateLoader for Spring macros added to FreeMarker configuration
2020-06-16 21:59:16.633  INFO 8216 --- [restartedMain] o.s.b.d.a.OptionalLiveReloadServer       : LiveReload server is running on port 35729
2020-06-16 21:59:16.662  INFO 8216 --- [restartedMain] o.s.j.e.a.AnnotationMBeanExporter        : Registering beans for JMX exposure on startup
2020-06-16 21:59:16.663  INFO 8216 --- [restartedMain] o.s.j.e.a.AnnotationMBeanExporter        : Bean with name 'dataSource' has been autodetected for JMX exposure
2020-06-16 21:59:16.668  INFO 8216 --- [restartedMain] o.s.j.e.a.AnnotationMBeanExporter        : Located MBean 'dataSource': registering with JMX server as MBean [com.alibaba.druid.pool:name=dataSource,type=DruidDataSource]
2020-06-16 21:59:16.677  INFO 8216 --- [restartedMain] s.a.ScheduledAnnotationBeanPostProcessor : No TaskScheduler/ScheduledExecutorService bean found for scheduled processing
2020-06-16 21:59:16.699  INFO 8216 --- [restartedMain] o.s.b.w.embedded.tomcat.TomcatWebServer  : Tomcat started on port(s): 8800 (http) with context path ''
2020-06-16 21:59:16.702  INFO 8216 --- [restartedMain] com.sht.deal.DealApplication             : Started DealApplication in 4.6 seconds (JVM running for 5.567)
2020-06-16 21:59:20.031  INFO 8216 --- [pool-1-thread-1] com.alibaba.druid.pool.DruidDataSource   : {dataSource-1} inited
2020-06-16 21:59:20.752  INFO 8216 --- [pool-1-thread-1] io.lettuce.core.EpollProvider            : Starting without optional epoll library
2020-06-16 21:59:20.753  INFO 8216 --- [pool-1-thread-1] io.lettuce.core.KqueueProvider           : Starting without optional kqueue library
2020-06-16 21:59:35.571  INFO 8216 --- [http-nio-8800-exec-1] o.a.c.c.C.[Tomcat].[localhost].[/]       : Initializing Spring FrameworkServlet 'dispatcherServlet'
2020-06-16 21:59:35.571  INFO 8216 --- [http-nio-8800-exec-1] o.s.web.servlet.DispatcherServlet        : FrameworkServlet 'dispatcherServlet': initialization started
2020-06-16 21:59:35.601  INFO 8216 --- [http-nio-8800-exec-1] o.s.web.servlet.DispatcherServlet        : FrameworkServlet 'dispatcherServlet': initialization completed in 30 ms
2020-06-16 21:59:35.657  INFO 8216 --- [http-nio-8800-exec-3] com.sht.deal.interceoter.WebLogAspect    : 请求开始时间：2020-06-16T21:59:35.657
2020-06-16 21:59:35.657  INFO 8216 --- [http-nio-8800-exec-3] com.sht.deal.interceoter.WebLogAspect    : 请求Url：/api/user/authorError
2020-06-16 21:59:35.657  INFO 8216 --- [http-nio-8800-exec-3] com.sht.deal.interceoter.WebLogAspect    : 请求方式：GET
2020-06-16 21:59:35.657  INFO 8216 --- [http-nio-8800-exec-3] com.sht.deal.interceoter.WebLogAspect    : 请求ip：0:0:0:0:0:0:0:1
2020-06-16 21:59:35.657  INFO 8216 --- [http-nio-8800-exec-3] com.sht.deal.interceoter.WebLogAspect    : 请求参数：[1]
2020-06-16 21:59:35.663  INFO 8216 --- [http-nio-8800-exec-3] com.sht.deal.interceoter.WebLogAspect    : 请求结束时间：2020-06-16T21:59:35.663
2020-06-16 21:59:35.664  INFO 8216 --- [http-nio-8800-exec-3] com.sht.deal.interceoter.WebLogAspect    : 请求耗时：9 毫秒
2020-06-16 21:59:35.664  INFO 8216 --- [http-nio-8800-exec-3] com.sht.deal.interceoter.WebLogAspect    : 请求返回：<401,JsonData [code=-1, data=null, msg=请登录],{}>
2020-06-16 22:00:11.422  INFO 8216 --- [http-nio-8800-exec-4] com.sht.deal.interceoter.WebLogAspect    : 请求开始时间：2020-06-16T22:00:11.422
2020-06-16 22:00:11.423  INFO 8216 --- [http-nio-8800-exec-4] com.sht.deal.interceoter.WebLogAspect    : 请求Url：/api/user/loginAdmin
2020-06-16 22:00:11.423  INFO 8216 --- [http-nio-8800-exec-4] com.sht.deal.interceoter.WebLogAspect    : 请求方式：POST
2020-06-16 22:00:11.423  INFO 8216 --- [http-nio-8800-exec-4] com.sht.deal.interceoter.WebLogAspect    : 请求ip：0:0:0:0:0:0:0:1
2020-06-16 22:00:11.423  INFO 8216 --- [http-nio-8800-exec-4] com.sht.deal.interceoter.WebLogAspect    : 请求参数：[User(id=null, username=admin, email=null, password=admin, nickname=null, openId=null, intro=null, phone=null, sex=null, img=null, flag=null, code=null, roleList=null)]
2020-06-16 22:00:11.978  INFO 8216 --- [http-nio-8800-exec-4] com.sht.deal.interceoter.WebLogAspect    : 请求结束时间：2020-06-16T22:00:11.978
2020-06-16 22:00:11.980  INFO 8216 --- [http-nio-8800-exec-4] com.sht.deal.interceoter.WebLogAspect    : 请求耗时：556 毫秒
2020-06-16 22:00:11.981  INFO 8216 --- [http-nio-8800-exec-4] com.sht.deal.interceoter.WebLogAspect    : 请求返回：<201 Created,JsonData [code=0, data={user=User(id=5, username=admin, email=78653842@qq.com, password=458eb5565a85eba63612bcbde405d0ed, nickname=Eu_达摩院, openId=null, intro=null, phone=18767854685, sex=管, img=, flag=null, code=null, roleList=null), token=eyJhbGciOiJIUzI1NiJ9.eyJzdWIiOiJzaHREZWFsIiwiaWQiOjUsInVzZXJuYW1lIjoiYWRtaW4iLCJpbWciOiIiLCJpYXQiOjE1OTIzMTYwMTEsImV4cCI6MTU5MjkyMDgxMX0.dA8O4tiyzzQljv2Z3nSUFjnEH5PfOO2pKuI4WcRP7tg}, msg=登录成功],{}>
2020-06-16 22:00:16.223  INFO 8216 --- [http-nio-8800-exec-5] com.sht.deal.interceoter.WebLogAspect    : 请求开始时间：2020-06-16T22:00:16.223
2020-06-16 22:00:16.224  INFO 8216 --- [http-nio-8800-exec-5] com.sht.deal.interceoter.WebLogAspect    : 请求Url：/api/user/delete
2020-06-16 22:00:16.224  INFO 8216 --- [http-nio-8800-exec-5] com.sht.deal.interceoter.WebLogAspect    : 请求方式：DELETE
2020-06-16 22:00:16.224  INFO 8216 --- [http-nio-8800-exec-5] com.sht.deal.interceoter.WebLogAspect    : 请求ip：0:0:0:0:0:0:0:1
2020-06-16 22:00:16.224  INFO 8216 --- [http-nio-8800-exec-5] com.sht.deal.interceoter.WebLogAspect    : 请求参数：[[Ljava.lang.Integer;@3bd403bb]
2020-06-16 22:00:16.613  INFO 8216 --- [http-nio-8800-exec-5] com.sht.deal.interceoter.WebLogAspect    : 请求结束时间：2020-06-16T22:00:16.613
2020-06-16 22:00:16.613  INFO 8216 --- [http-nio-8800-exec-5] com.sht.deal.interceoter.WebLogAspect    : 请求耗时：390 毫秒
2020-06-16 22:00:16.613  INFO 8216 --- [http-nio-8800-exec-5] com.sht.deal.interceoter.WebLogAspect    : 请求返回：<200 OK,JsonData [code=0, data=null, msg=删除成功],{}>
